( 3404)(    1)ME: C:\gcc\5.3.0\32bit\bin\mingw32-make.exe
( 3404)(    1) + HOME: C:\Users\choig\AppData\Local\Suresofttech\STATIC Toolbox\apps\STATIC Client for C, C++ v1.1.2\
( 3404)(    1) + WORKING: F:\Sample\zlib-1.2.3_for_STATIC\.staticdata
( 3404) + IGNORE: msbuild xxxxx // INTEREST: cl gcc cc g++ ar link ld xxx xc8 cpp cpstm8 castm8 clnk tricore-gcc tricore-g++ ctoa etoa ecomppc elxr
( 3404)(    1) + Ignored EXENAME: mingw32-make
(21072)(    3)ME: c:\gcc\5.3.0\32bit\bin\..\libexec\gcc\mingw32\5.3.0\cc1.exe
(21072)(    3) + HOME: C:\Users\choig\AppData\Local\Suresofttech\STATIC Toolbox\apps\STATIC Client for C, C++ v1.1.2\
(21072)(    3) + WORKING: F:\Sample\zlib-1.2.3_for_STATIC\.staticdata
(21072) + IGNORE: msbuild xxxxx // INTEREST: cl gcc cc g++ ar link ld xxx xc8 cpp cpstm8 castm8 clnk tricore-gcc tricore-g++ ctoa etoa ecomppc elxr
(21072)(    3)ME: c:\gcc\5.3.0\32bit\bin\..\libexec\gcc\mingw32\5.3.0\cc1.exe
(21072)(    3) + HOME: C:\Users\choig\AppData\Local\Suresofttech\STATIC Toolbox\apps\STATIC Client for C, C++ v1.1.2\
(21072)(    3) + WORKING: F:\Sample\zlib-1.2.3_for_STATIC\.staticdata
(21072) + IGNORE: msbuild xxxxx // INTEREST: cl gcc cc g++ ar link ld xxx xc8 cpp cpstm8 castm8 clnk tricore-gcc tricore-g++ ctoa etoa ecomppc elxr
(22812)(    4)ME: c:\gcc\5.3.0\32bit\bin\..\lib\gcc\mingw32\5.3.0\..\..\..\..\mingw32\bin\as.exe
(22812)(    4) + HOME: C:\Users\choig\AppData\Local\Suresofttech\STATIC Toolbox\apps\STATIC Client for C, C++ v1.1.2\
(22812)(    4) + WORKING: F:\Sample\zlib-1.2.3_for_STATIC\.staticdata
(22812) + IGNORE: msbuild xxxxx // INTEREST: cl gcc cc g++ ar link ld xxx xc8 cpp cpstm8 castm8 clnk tricore-gcc tricore-g++ ctoa etoa ecomppc elxr
(22812)(    4) + Ignored EXENAME: as
(22812)(    4)ME: c:\gcc\5.3.0\32bit\bin\..\lib\gcc\mingw32\5.3.0\..\..\..\..\mingw32\bin\as.exe
(22812)(    4) + HOME: C:\Users\choig\AppData\Local\Suresofttech\STATIC Toolbox\apps\STATIC Client for C, C++ v1.1.2\
(22812)(    4) + WORKING: F:\Sample\zlib-1.2.3_for_STATIC\.staticdata
(22812) + IGNORE: msbuild xxxxx // INTEREST: cl gcc cc g++ ar link ld xxx xc8 cpp cpstm8 castm8 clnk tricore-gcc tricore-g++ ctoa etoa ecomppc elxr
(26464)(    2)ME: C:\gcc\5.3.0\32bit\bin\gcc.exe
(26464)(    2) + HOME: C:\Users\choig\AppData\Local\Suresofttech\STATIC Toolbox\apps\STATIC Client for C, C++ v1.1.2\
(26464)(    2) + WORKING: F:\Sample\zlib-1.2.3_for_STATIC\.staticdata
(26464) + IGNORE: msbuild xxxxx // INTEREST: cl gcc cc g++ ar link ld xxx xc8 cpp cpstm8 castm8 clnk tricore-gcc tricore-g++ ctoa etoa ecomppc elxr
(26464)(    2)ME: C:\gcc\5.3.0\32bit\bin\gcc.exe
(26464)(    2) + HOME: C:\Users\choig\AppData\Local\Suresofttech\STATIC Toolbox\apps\STATIC Client for C, C++ v1.1.2\
(26464)(    2) + WORKING: F:\Sample\zlib-1.2.3_for_STATIC\.staticdata
(26464) + IGNORE: msbuild xxxxx // INTEREST: cl gcc cc g++ ar link ld xxx xc8 cpp cpstm8 castm8 clnk tricore-gcc tricore-g++ ctoa etoa ecomppc elxr
(25076)(    6)ME: c:\gcc\5.3.0\32bit\bin\..\libexec\gcc\mingw32\5.3.0\cc1.exe
(25076)(    6) + HOME: C:\Users\choig\AppData\Local\Suresofttech\STATIC Toolbox\apps\STATIC Client for C, C++ v1.1.2\
(25076)(    6) + WORKING: F:\Sample\zlib-1.2.3_for_STATIC\.staticdata
(25076) + IGNORE: msbuild xxxxx // INTEREST: cl gcc cc g++ ar link ld xxx xc8 cpp cpstm8 castm8 clnk tricore-gcc tricore-g++ ctoa etoa ecomppc elxr
(25076)(    6)ME: c:\gcc\5.3.0\32bit\bin\..\libexec\gcc\mingw32\5.3.0\cc1.exe
(25076)(    6) + HOME: C:\Users\choig\AppData\Local\Suresofttech\STATIC Toolbox\apps\STATIC Client for C, C++ v1.1.2\
(25076)(    6) + WORKING: F:\Sample\zlib-1.2.3_for_STATIC\.staticdata
(25076) + IGNORE: msbuild xxxxx // INTEREST: cl gcc cc g++ ar link ld xxx xc8 cpp cpstm8 castm8 clnk tricore-gcc tricore-g++ ctoa etoa ecomppc elxr
(14540)(    7)ME: c:\gcc\5.3.0\32bit\bin\..\lib\gcc\mingw32\5.3.0\..\..\..\..\mingw32\bin\as.exe
(14540)(    7) + HOME: C:\Users\choig\AppData\Local\Suresofttech\STATIC Toolbox\apps\STATIC Client for C, C++ v1.1.2\
(14540)(    7) + WORKING: F:\Sample\zlib-1.2.3_for_STATIC\.staticdata
(14540) + IGNORE: msbuild xxxxx // INTEREST: cl gcc cc g++ ar link ld xxx xc8 cpp cpstm8 castm8 clnk tricore-gcc tricore-g++ ctoa etoa ecomppc elxr
(14540)(    7) + Ignored EXENAME: as
(14540)(    7)ME: c:\gcc\5.3.0\32bit\bin\..\lib\gcc\mingw32\5.3.0\..\..\..\..\mingw32\bin\as.exe
(14540)(    7) + HOME: C:\Users\choig\AppData\Local\Suresofttech\STATIC Toolbox\apps\STATIC Client for C, C++ v1.1.2\
(14540)(    7) + WORKING: F:\Sample\zlib-1.2.3_for_STATIC\.staticdata
(14540) + IGNORE: msbuild xxxxx // INTEREST: cl gcc cc g++ ar link ld xxx xc8 cpp cpstm8 castm8 clnk tricore-gcc tricore-g++ ctoa etoa ecomppc elxr
(18828)(    5)ME: C:\gcc\5.3.0\32bit\bin\gcc.exe
(18828)(    5) + HOME: C:\Users\choig\AppData\Local\Suresofttech\STATIC Toolbox\apps\STATIC Client for C, C++ v1.1.2\
(18828)(    5) + WORKING: F:\Sample\zlib-1.2.3_for_STATIC\.staticdata
(18828) + IGNORE: msbuild xxxxx // INTEREST: cl gcc cc g++ ar link ld xxx xc8 cpp cpstm8 castm8 clnk tricore-gcc tricore-g++ ctoa etoa ecomppc elxr
(18828)(    5)ME: C:\gcc\5.3.0\32bit\bin\gcc.exe
(18828)(    5) + HOME: C:\Users\choig\AppData\Local\Suresofttech\STATIC Toolbox\apps\STATIC Client for C, C++ v1.1.2\
(18828)(    5) + WORKING: F:\Sample\zlib-1.2.3_for_STATIC\.staticdata
(18828) + IGNORE: msbuild xxxxx // INTEREST: cl gcc cc g++ ar link ld xxx xc8 cpp cpstm8 castm8 clnk tricore-gcc tricore-g++ ctoa etoa ecomppc elxr
(24808)(    9)ME: c:\gcc\5.3.0\32bit\bin\..\libexec\gcc\mingw32\5.3.0\cc1.exe
(24808)(    9) + HOME: C:\Users\choig\AppData\Local\Suresofttech\STATIC Toolbox\apps\STATIC Client for C, C++ v1.1.2\
(24808)(    9) + WORKING: F:\Sample\zlib-1.2.3_for_STATIC\.staticdata
(24808) + IGNORE: msbuild xxxxx // INTEREST: cl gcc cc g++ ar link ld xxx xc8 cpp cpstm8 castm8 clnk tricore-gcc tricore-g++ ctoa etoa ecomppc elxr
(24808)(    9)ME: c:\gcc\5.3.0\32bit\bin\..\libexec\gcc\mingw32\5.3.0\cc1.exe
(24808)(    9) + HOME: C:\Users\choig\AppData\Local\Suresofttech\STATIC Toolbox\apps\STATIC Client for C, C++ v1.1.2\
(24808)(    9) + WORKING: F:\Sample\zlib-1.2.3_for_STATIC\.staticdata
(24808) + IGNORE: msbuild xxxxx // INTEREST: cl gcc cc g++ ar link ld xxx xc8 cpp cpstm8 castm8 clnk tricore-gcc tricore-g++ ctoa etoa ecomppc elxr
(20860)(   10)ME: c:\gcc\5.3.0\32bit\bin\..\lib\gcc\mingw32\5.3.0\..\..\..\..\mingw32\bin\as.exe
(20860)(   10) + HOME: C:\Users\choig\AppData\Local\Suresofttech\STATIC Toolbox\apps\STATIC Client for C, C++ v1.1.2\
(20860)(   10) + WORKING: F:\Sample\zlib-1.2.3_for_STATIC\.staticdata
(20860) + IGNORE: msbuild xxxxx // INTEREST: cl gcc cc g++ ar link ld xxx xc8 cpp cpstm8 castm8 clnk tricore-gcc tricore-g++ ctoa etoa ecomppc elxr
(20860)(   10) + Ignored EXENAME: as
(20860)(   10)ME: c:\gcc\5.3.0\32bit\bin\..\lib\gcc\mingw32\5.3.0\..\..\..\..\mingw32\bin\as.exe
(20860)(   10) + HOME: C:\Users\choig\AppData\Local\Suresofttech\STATIC Toolbox\apps\STATIC Client for C, C++ v1.1.2\
(20860)(   10) + WORKING: F:\Sample\zlib-1.2.3_for_STATIC\.staticdata
(20860) + IGNORE: msbuild xxxxx // INTEREST: cl gcc cc g++ ar link ld xxx xc8 cpp cpstm8 castm8 clnk tricore-gcc tricore-g++ ctoa etoa ecomppc elxr
(25556)(    8)ME: C:\gcc\5.3.0\32bit\bin\gcc.exe
(25556)(    8) + HOME: C:\Users\choig\AppData\Local\Suresofttech\STATIC Toolbox\apps\STATIC Client for C, C++ v1.1.2\
(25556)(    8) + WORKING: F:\Sample\zlib-1.2.3_for_STATIC\.staticdata
(25556) + IGNORE: msbuild xxxxx // INTEREST: cl gcc cc g++ ar link ld xxx xc8 cpp cpstm8 castm8 clnk tricore-gcc tricore-g++ ctoa etoa ecomppc elxr
(25556)(    8)ME: C:\gcc\5.3.0\32bit\bin\gcc.exe
(25556)(    8) + HOME: C:\Users\choig\AppData\Local\Suresofttech\STATIC Toolbox\apps\STATIC Client for C, C++ v1.1.2\
(25556)(    8) + WORKING: F:\Sample\zlib-1.2.3_for_STATIC\.staticdata
(25556) + IGNORE: msbuild xxxxx // INTEREST: cl gcc cc g++ ar link ld xxx xc8 cpp cpstm8 castm8 clnk tricore-gcc tricore-g++ ctoa etoa ecomppc elxr
(10396)(   12)ME: c:\gcc\5.3.0\32bit\bin\..\libexec\gcc\mingw32\5.3.0\cc1.exe
(10396)(   12) + HOME: C:\Users\choig\AppData\Local\Suresofttech\STATIC Toolbox\apps\STATIC Client for C, C++ v1.1.2\
(10396)(   12) + WORKING: F:\Sample\zlib-1.2.3_for_STATIC\.staticdata
(10396) + IGNORE: msbuild xxxxx // INTEREST: cl gcc cc g++ ar link ld xxx xc8 cpp cpstm8 castm8 clnk tricore-gcc tricore-g++ ctoa etoa ecomppc elxr
(10396)(   12)ME: c:\gcc\5.3.0\32bit\bin\..\libexec\gcc\mingw32\5.3.0\cc1.exe
(10396)(   12) + HOME: C:\Users\choig\AppData\Local\Suresofttech\STATIC Toolbox\apps\STATIC Client for C, C++ v1.1.2\
(10396)(   12) + WORKING: F:\Sample\zlib-1.2.3_for_STATIC\.staticdata
(10396) + IGNORE: msbuild xxxxx // INTEREST: cl gcc cc g++ ar link ld xxx xc8 cpp cpstm8 castm8 clnk tricore-gcc tricore-g++ ctoa etoa ecomppc elxr
(11100)(   13)ME: c:\gcc\5.3.0\32bit\bin\..\lib\gcc\mingw32\5.3.0\..\..\..\..\mingw32\bin\as.exe
(11100)(   13) + HOME: C:\Users\choig\AppData\Local\Suresofttech\STATIC Toolbox\apps\STATIC Client for C, C++ v1.1.2\
(11100)(   13) + WORKING: F:\Sample\zlib-1.2.3_for_STATIC\.staticdata
(11100) + IGNORE: msbuild xxxxx // INTEREST: cl gcc cc g++ ar link ld xxx xc8 cpp cpstm8 castm8 clnk tricore-gcc tricore-g++ ctoa etoa ecomppc elxr
(11100)(   13) + Ignored EXENAME: as
(11100)(   13)ME: c:\gcc\5.3.0\32bit\bin\..\lib\gcc\mingw32\5.3.0\..\..\..\..\mingw32\bin\as.exe
(11100)(   13) + HOME: C:\Users\choig\AppData\Local\Suresofttech\STATIC Toolbox\apps\STATIC Client for C, C++ v1.1.2\
(11100)(   13) + WORKING: F:\Sample\zlib-1.2.3_for_STATIC\.staticdata
(11100) + IGNORE: msbuild xxxxx // INTEREST: cl gcc cc g++ ar link ld xxx xc8 cpp cpstm8 castm8 clnk tricore-gcc tricore-g++ ctoa etoa ecomppc elxr
(22580)(   11)ME: C:\gcc\5.3.0\32bit\bin\gcc.exe
(22580)(   11) + HOME: C:\Users\choig\AppData\Local\Suresofttech\STATIC Toolbox\apps\STATIC Client for C, C++ v1.1.2\
(22580)(   11) + WORKING: F:\Sample\zlib-1.2.3_for_STATIC\.staticdata
(22580) + IGNORE: msbuild xxxxx // INTEREST: cl gcc cc g++ ar link ld xxx xc8 cpp cpstm8 castm8 clnk tricore-gcc tricore-g++ ctoa etoa ecomppc elxr
(22580)(   11)ME: C:\gcc\5.3.0\32bit\bin\gcc.exe
(22580)(   11) + HOME: C:\Users\choig\AppData\Local\Suresofttech\STATIC Toolbox\apps\STATIC Client for C, C++ v1.1.2\
(22580)(   11) + WORKING: F:\Sample\zlib-1.2.3_for_STATIC\.staticdata
(22580) + IGNORE: msbuild xxxxx // INTEREST: cl gcc cc g++ ar link ld xxx xc8 cpp cpstm8 castm8 clnk tricore-gcc tricore-g++ ctoa etoa ecomppc elxr
(25920)(   15)ME: c:\gcc\5.3.0\32bit\bin\..\libexec\gcc\mingw32\5.3.0\cc1.exe
(25920)(   15) + HOME: C:\Users\choig\AppData\Local\Suresofttech\STATIC Toolbox\apps\STATIC Client for C, C++ v1.1.2\
(25920)(   15) + WORKING: F:\Sample\zlib-1.2.3_for_STATIC\.staticdata
(25920) + IGNORE: msbuild xxxxx // INTEREST: cl gcc cc g++ ar link ld xxx xc8 cpp cpstm8 castm8 clnk tricore-gcc tricore-g++ ctoa etoa ecomppc elxr
(25920)(   15)ME: c:\gcc\5.3.0\32bit\bin\..\libexec\gcc\mingw32\5.3.0\cc1.exe
(25920)(   15) + HOME: C:\Users\choig\AppData\Local\Suresofttech\STATIC Toolbox\apps\STATIC Client for C, C++ v1.1.2\
(25920)(   15) + WORKING: F:\Sample\zlib-1.2.3_for_STATIC\.staticdata
(25920) + IGNORE: msbuild xxxxx // INTEREST: cl gcc cc g++ ar link ld xxx xc8 cpp cpstm8 castm8 clnk tricore-gcc tricore-g++ ctoa etoa ecomppc elxr
(16408)(   16)ME: c:\gcc\5.3.0\32bit\bin\..\lib\gcc\mingw32\5.3.0\..\..\..\..\mingw32\bin\as.exe
(16408)(   16) + HOME: C:\Users\choig\AppData\Local\Suresofttech\STATIC Toolbox\apps\STATIC Client for C, C++ v1.1.2\
(16408)(   16) + WORKING: F:\Sample\zlib-1.2.3_for_STATIC\.staticdata
(16408) + IGNORE: msbuild xxxxx // INTEREST: cl gcc cc g++ ar link ld xxx xc8 cpp cpstm8 castm8 clnk tricore-gcc tricore-g++ ctoa etoa ecomppc elxr
(16408)(   16) + Ignored EXENAME: as
(16408)(   16)ME: c:\gcc\5.3.0\32bit\bin\..\lib\gcc\mingw32\5.3.0\..\..\..\..\mingw32\bin\as.exe
(16408)(   16) + HOME: C:\Users\choig\AppData\Local\Suresofttech\STATIC Toolbox\apps\STATIC Client for C, C++ v1.1.2\
(16408)(   16) + WORKING: F:\Sample\zlib-1.2.3_for_STATIC\.staticdata
(16408) + IGNORE: msbuild xxxxx // INTEREST: cl gcc cc g++ ar link ld xxx xc8 cpp cpstm8 castm8 clnk tricore-gcc tricore-g++ ctoa etoa ecomppc elxr
(23080)(   14)ME: C:\gcc\5.3.0\32bit\bin\gcc.exe
(23080)(   14) + HOME: C:\Users\choig\AppData\Local\Suresofttech\STATIC Toolbox\apps\STATIC Client for C, C++ v1.1.2\
(23080)(   14) + WORKING: F:\Sample\zlib-1.2.3_for_STATIC\.staticdata
(23080) + IGNORE: msbuild xxxxx // INTEREST: cl gcc cc g++ ar link ld xxx xc8 cpp cpstm8 castm8 clnk tricore-gcc tricore-g++ ctoa etoa ecomppc elxr
(23080)(   14)ME: C:\gcc\5.3.0\32bit\bin\gcc.exe
(23080)(   14) + HOME: C:\Users\choig\AppData\Local\Suresofttech\STATIC Toolbox\apps\STATIC Client for C, C++ v1.1.2\
(23080)(   14) + WORKING: F:\Sample\zlib-1.2.3_for_STATIC\.staticdata
(23080) + IGNORE: msbuild xxxxx // INTEREST: cl gcc cc g++ ar link ld xxx xc8 cpp cpstm8 castm8 clnk tricore-gcc tricore-g++ ctoa etoa ecomppc elxr
(26100)(   18)ME: c:\gcc\5.3.0\32bit\bin\..\libexec\gcc\mingw32\5.3.0\cc1.exe
(26100)(   18) + HOME: C:\Users\choig\AppData\Local\Suresofttech\STATIC Toolbox\apps\STATIC Client for C, C++ v1.1.2\
(26100)(   18) + WORKING: F:\Sample\zlib-1.2.3_for_STATIC\.staticdata
(26100) + IGNORE: msbuild xxxxx // INTEREST: cl gcc cc g++ ar link ld xxx xc8 cpp cpstm8 castm8 clnk tricore-gcc tricore-g++ ctoa etoa ecomppc elxr
(26100)(   18)ME: c:\gcc\5.3.0\32bit\bin\..\libexec\gcc\mingw32\5.3.0\cc1.exe
(26100)(   18) + HOME: C:\Users\choig\AppData\Local\Suresofttech\STATIC Toolbox\apps\STATIC Client for C, C++ v1.1.2\
(26100)(   18) + WORKING: F:\Sample\zlib-1.2.3_for_STATIC\.staticdata
(26100) + IGNORE: msbuild xxxxx // INTEREST: cl gcc cc g++ ar link ld xxx xc8 cpp cpstm8 castm8 clnk tricore-gcc tricore-g++ ctoa etoa ecomppc elxr
(15512)(   19)ME: c:\gcc\5.3.0\32bit\bin\..\lib\gcc\mingw32\5.3.0\..\..\..\..\mingw32\bin\as.exe
(15512)(   19) + HOME: C:\Users\choig\AppData\Local\Suresofttech\STATIC Toolbox\apps\STATIC Client for C, C++ v1.1.2\
(15512)(   19) + WORKING: F:\Sample\zlib-1.2.3_for_STATIC\.staticdata
(15512) + IGNORE: msbuild xxxxx // INTEREST: cl gcc cc g++ ar link ld xxx xc8 cpp cpstm8 castm8 clnk tricore-gcc tricore-g++ ctoa etoa ecomppc elxr
(15512)(   19) + Ignored EXENAME: as
(15512)(   19)ME: c:\gcc\5.3.0\32bit\bin\..\lib\gcc\mingw32\5.3.0\..\..\..\..\mingw32\bin\as.exe
(15512)(   19) + HOME: C:\Users\choig\AppData\Local\Suresofttech\STATIC Toolbox\apps\STATIC Client for C, C++ v1.1.2\
(15512)(   19) + WORKING: F:\Sample\zlib-1.2.3_for_STATIC\.staticdata
(15512) + IGNORE: msbuild xxxxx // INTEREST: cl gcc cc g++ ar link ld xxx xc8 cpp cpstm8 castm8 clnk tricore-gcc tricore-g++ ctoa etoa ecomppc elxr
(18992)(   17)ME: C:\gcc\5.3.0\32bit\bin\gcc.exe
(18992)(   17) + HOME: C:\Users\choig\AppData\Local\Suresofttech\STATIC Toolbox\apps\STATIC Client for C, C++ v1.1.2\
(18992)(   17) + WORKING: F:\Sample\zlib-1.2.3_for_STATIC\.staticdata
(18992) + IGNORE: msbuild xxxxx // INTEREST: cl gcc cc g++ ar link ld xxx xc8 cpp cpstm8 castm8 clnk tricore-gcc tricore-g++ ctoa etoa ecomppc elxr
(18992)(   17)ME: C:\gcc\5.3.0\32bit\bin\gcc.exe
(18992)(   17) + HOME: C:\Users\choig\AppData\Local\Suresofttech\STATIC Toolbox\apps\STATIC Client for C, C++ v1.1.2\
(18992)(   17) + WORKING: F:\Sample\zlib-1.2.3_for_STATIC\.staticdata
(18992) + IGNORE: msbuild xxxxx // INTEREST: cl gcc cc g++ ar link ld xxx xc8 cpp cpstm8 castm8 clnk tricore-gcc tricore-g++ ctoa etoa ecomppc elxr
(20692)(   21)ME: c:\gcc\5.3.0\32bit\bin\..\libexec\gcc\mingw32\5.3.0\cc1.exe
(20692)(   21) + HOME: C:\Users\choig\AppData\Local\Suresofttech\STATIC Toolbox\apps\STATIC Client for C, C++ v1.1.2\
(20692)(   21) + WORKING: F:\Sample\zlib-1.2.3_for_STATIC\.staticdata
(20692) + IGNORE: msbuild xxxxx // INTEREST: cl gcc cc g++ ar link ld xxx xc8 cpp cpstm8 castm8 clnk tricore-gcc tricore-g++ ctoa etoa ecomppc elxr
(20692)(   21)ME: c:\gcc\5.3.0\32bit\bin\..\libexec\gcc\mingw32\5.3.0\cc1.exe
(20692)(   21) + HOME: C:\Users\choig\AppData\Local\Suresofttech\STATIC Toolbox\apps\STATIC Client for C, C++ v1.1.2\
(20692)(   21) + WORKING: F:\Sample\zlib-1.2.3_for_STATIC\.staticdata
(20692) + IGNORE: msbuild xxxxx // INTEREST: cl gcc cc g++ ar link ld xxx xc8 cpp cpstm8 castm8 clnk tricore-gcc tricore-g++ ctoa etoa ecomppc elxr
(26564)(   22)ME: c:\gcc\5.3.0\32bit\bin\..\lib\gcc\mingw32\5.3.0\..\..\..\..\mingw32\bin\as.exe
(26564)(   22) + HOME: C:\Users\choig\AppData\Local\Suresofttech\STATIC Toolbox\apps\STATIC Client for C, C++ v1.1.2\
(26564)(   22) + WORKING: F:\Sample\zlib-1.2.3_for_STATIC\.staticdata
(26564) + IGNORE: msbuild xxxxx // INTEREST: cl gcc cc g++ ar link ld xxx xc8 cpp cpstm8 castm8 clnk tricore-gcc tricore-g++ ctoa etoa ecomppc elxr
(26564)(   22) + Ignored EXENAME: as
(26564)(   22)ME: c:\gcc\5.3.0\32bit\bin\..\lib\gcc\mingw32\5.3.0\..\..\..\..\mingw32\bin\as.exe
(26564)(   22) + HOME: C:\Users\choig\AppData\Local\Suresofttech\STATIC Toolbox\apps\STATIC Client for C, C++ v1.1.2\
(26564)(   22) + WORKING: F:\Sample\zlib-1.2.3_for_STATIC\.staticdata
(26564) + IGNORE: msbuild xxxxx // INTEREST: cl gcc cc g++ ar link ld xxx xc8 cpp cpstm8 castm8 clnk tricore-gcc tricore-g++ ctoa etoa ecomppc elxr
(24964)(   20)ME: C:\gcc\5.3.0\32bit\bin\gcc.exe
(24964)(   20) + HOME: C:\Users\choig\AppData\Local\Suresofttech\STATIC Toolbox\apps\STATIC Client for C, C++ v1.1.2\
(24964)(   20) + WORKING: F:\Sample\zlib-1.2.3_for_STATIC\.staticdata
(24964) + IGNORE: msbuild xxxxx // INTEREST: cl gcc cc g++ ar link ld xxx xc8 cpp cpstm8 castm8 clnk tricore-gcc tricore-g++ ctoa etoa ecomppc elxr
(24964)(   20)ME: C:\gcc\5.3.0\32bit\bin\gcc.exe
(24964)(   20) + HOME: C:\Users\choig\AppData\Local\Suresofttech\STATIC Toolbox\apps\STATIC Client for C, C++ v1.1.2\
(24964)(   20) + WORKING: F:\Sample\zlib-1.2.3_for_STATIC\.staticdata
(24964) + IGNORE: msbuild xxxxx // INTEREST: cl gcc cc g++ ar link ld xxx xc8 cpp cpstm8 castm8 clnk tricore-gcc tricore-g++ ctoa etoa ecomppc elxr
(23740)(   24)ME: c:\gcc\5.3.0\32bit\bin\..\libexec\gcc\mingw32\5.3.0\cc1.exe
(23740)(   24) + HOME: C:\Users\choig\AppData\Local\Suresofttech\STATIC Toolbox\apps\STATIC Client for C, C++ v1.1.2\
(23740)(   24) + WORKING: F:\Sample\zlib-1.2.3_for_STATIC\.staticdata
(23740) + IGNORE: msbuild xxxxx // INTEREST: cl gcc cc g++ ar link ld xxx xc8 cpp cpstm8 castm8 clnk tricore-gcc tricore-g++ ctoa etoa ecomppc elxr
(23740)(   24)ME: c:\gcc\5.3.0\32bit\bin\..\libexec\gcc\mingw32\5.3.0\cc1.exe
(23740)(   24) + HOME: C:\Users\choig\AppData\Local\Suresofttech\STATIC Toolbox\apps\STATIC Client for C, C++ v1.1.2\
(23740)(   24) + WORKING: F:\Sample\zlib-1.2.3_for_STATIC\.staticdata
(23740) + IGNORE: msbuild xxxxx // INTEREST: cl gcc cc g++ ar link ld xxx xc8 cpp cpstm8 castm8 clnk tricore-gcc tricore-g++ ctoa etoa ecomppc elxr
(17176)(   25)ME: c:\gcc\5.3.0\32bit\bin\..\lib\gcc\mingw32\5.3.0\..\..\..\..\mingw32\bin\as.exe
(17176)(   25) + HOME: C:\Users\choig\AppData\Local\Suresofttech\STATIC Toolbox\apps\STATIC Client for C, C++ v1.1.2\
(17176)(   25) + WORKING: F:\Sample\zlib-1.2.3_for_STATIC\.staticdata
(17176) + IGNORE: msbuild xxxxx // INTEREST: cl gcc cc g++ ar link ld xxx xc8 cpp cpstm8 castm8 clnk tricore-gcc tricore-g++ ctoa etoa ecomppc elxr
(17176)(   25) + Ignored EXENAME: as
(17176)(   25)ME: c:\gcc\5.3.0\32bit\bin\..\lib\gcc\mingw32\5.3.0\..\..\..\..\mingw32\bin\as.exe
(17176)(   25) + HOME: C:\Users\choig\AppData\Local\Suresofttech\STATIC Toolbox\apps\STATIC Client for C, C++ v1.1.2\
(17176)(   25) + WORKING: F:\Sample\zlib-1.2.3_for_STATIC\.staticdata
(17176) + IGNORE: msbuild xxxxx // INTEREST: cl gcc cc g++ ar link ld xxx xc8 cpp cpstm8 castm8 clnk tricore-gcc tricore-g++ ctoa etoa ecomppc elxr
(23780)(   23)ME: C:\gcc\5.3.0\32bit\bin\gcc.exe
(23780)(   23) + HOME: C:\Users\choig\AppData\Local\Suresofttech\STATIC Toolbox\apps\STATIC Client for C, C++ v1.1.2\
(23780)(   23) + WORKING: F:\Sample\zlib-1.2.3_for_STATIC\.staticdata
(23780) + IGNORE: msbuild xxxxx // INTEREST: cl gcc cc g++ ar link ld xxx xc8 cpp cpstm8 castm8 clnk tricore-gcc tricore-g++ ctoa etoa ecomppc elxr
(23780)(   23)ME: C:\gcc\5.3.0\32bit\bin\gcc.exe
(23780)(   23) + HOME: C:\Users\choig\AppData\Local\Suresofttech\STATIC Toolbox\apps\STATIC Client for C, C++ v1.1.2\
(23780)(   23) + WORKING: F:\Sample\zlib-1.2.3_for_STATIC\.staticdata
(23780) + IGNORE: msbuild xxxxx // INTEREST: cl gcc cc g++ ar link ld xxx xc8 cpp cpstm8 castm8 clnk tricore-gcc tricore-g++ ctoa etoa ecomppc elxr
(26428)(   27)ME: c:\gcc\5.3.0\32bit\bin\..\libexec\gcc\mingw32\5.3.0\cc1.exe
(26428)(   27) + HOME: C:\Users\choig\AppData\Local\Suresofttech\STATIC Toolbox\apps\STATIC Client for C, C++ v1.1.2\
(26428)(   27) + WORKING: F:\Sample\zlib-1.2.3_for_STATIC\.staticdata
(26428) + IGNORE: msbuild xxxxx // INTEREST: cl gcc cc g++ ar link ld xxx xc8 cpp cpstm8 castm8 clnk tricore-gcc tricore-g++ ctoa etoa ecomppc elxr
(26428)(   27)ME: c:\gcc\5.3.0\32bit\bin\..\libexec\gcc\mingw32\5.3.0\cc1.exe
(26428)(   27) + HOME: C:\Users\choig\AppData\Local\Suresofttech\STATIC Toolbox\apps\STATIC Client for C, C++ v1.1.2\
(26428)(   27) + WORKING: F:\Sample\zlib-1.2.3_for_STATIC\.staticdata
(26428) + IGNORE: msbuild xxxxx // INTEREST: cl gcc cc g++ ar link ld xxx xc8 cpp cpstm8 castm8 clnk tricore-gcc tricore-g++ ctoa etoa ecomppc elxr
( 2380)(   28)ME: c:\gcc\5.3.0\32bit\bin\..\lib\gcc\mingw32\5.3.0\..\..\..\..\mingw32\bin\as.exe
( 2380)(   28) + HOME: C:\Users\choig\AppData\Local\Suresofttech\STATIC Toolbox\apps\STATIC Client for C, C++ v1.1.2\
( 2380)(   28) + WORKING: F:\Sample\zlib-1.2.3_for_STATIC\.staticdata
( 2380) + IGNORE: msbuild xxxxx // INTEREST: cl gcc cc g++ ar link ld xxx xc8 cpp cpstm8 castm8 clnk tricore-gcc tricore-g++ ctoa etoa ecomppc elxr
( 2380)(   28) + Ignored EXENAME: as
( 2380)(   28)ME: c:\gcc\5.3.0\32bit\bin\..\lib\gcc\mingw32\5.3.0\..\..\..\..\mingw32\bin\as.exe
( 2380)(   28) + HOME: C:\Users\choig\AppData\Local\Suresofttech\STATIC Toolbox\apps\STATIC Client for C, C++ v1.1.2\
( 2380)(   28) + WORKING: F:\Sample\zlib-1.2.3_for_STATIC\.staticdata
( 2380) + IGNORE: msbuild xxxxx // INTEREST: cl gcc cc g++ ar link ld xxx xc8 cpp cpstm8 castm8 clnk tricore-gcc tricore-g++ ctoa etoa ecomppc elxr
( 4084)(   26)ME: C:\gcc\5.3.0\32bit\bin\gcc.exe
( 4084)(   26) + HOME: C:\Users\choig\AppData\Local\Suresofttech\STATIC Toolbox\apps\STATIC Client for C, C++ v1.1.2\
( 4084)(   26) + WORKING: F:\Sample\zlib-1.2.3_for_STATIC\.staticdata
( 4084) + IGNORE: msbuild xxxxx // INTEREST: cl gcc cc g++ ar link ld xxx xc8 cpp cpstm8 castm8 clnk tricore-gcc tricore-g++ ctoa etoa ecomppc elxr
( 4084)(   26)ME: C:\gcc\5.3.0\32bit\bin\gcc.exe
( 4084)(   26) + HOME: C:\Users\choig\AppData\Local\Suresofttech\STATIC Toolbox\apps\STATIC Client for C, C++ v1.1.2\
( 4084)(   26) + WORKING: F:\Sample\zlib-1.2.3_for_STATIC\.staticdata
( 4084) + IGNORE: msbuild xxxxx // INTEREST: cl gcc cc g++ ar link ld xxx xc8 cpp cpstm8 castm8 clnk tricore-gcc tricore-g++ ctoa etoa ecomppc elxr
( 4004)(   30)ME: c:\gcc\5.3.0\32bit\bin\..\libexec\gcc\mingw32\5.3.0\cc1.exe
( 4004)(   30) + HOME: C:\Users\choig\AppData\Local\Suresofttech\STATIC Toolbox\apps\STATIC Client for C, C++ v1.1.2\
( 4004)(   30) + WORKING: F:\Sample\zlib-1.2.3_for_STATIC\.staticdata
( 4004) + IGNORE: msbuild xxxxx // INTEREST: cl gcc cc g++ ar link ld xxx xc8 cpp cpstm8 castm8 clnk tricore-gcc tricore-g++ ctoa etoa ecomppc elxr
( 4004)(   30)ME: c:\gcc\5.3.0\32bit\bin\..\libexec\gcc\mingw32\5.3.0\cc1.exe
( 4004)(   30) + HOME: C:\Users\choig\AppData\Local\Suresofttech\STATIC Toolbox\apps\STATIC Client for C, C++ v1.1.2\
( 4004)(   30) + WORKING: F:\Sample\zlib-1.2.3_for_STATIC\.staticdata
( 4004) + IGNORE: msbuild xxxxx // INTEREST: cl gcc cc g++ ar link ld xxx xc8 cpp cpstm8 castm8 clnk tricore-gcc tricore-g++ ctoa etoa ecomppc elxr
(15388)(   31)ME: c:\gcc\5.3.0\32bit\bin\..\lib\gcc\mingw32\5.3.0\..\..\..\..\mingw32\bin\as.exe
(15388)(   31) + HOME: C:\Users\choig\AppData\Local\Suresofttech\STATIC Toolbox\apps\STATIC Client for C, C++ v1.1.2\
(15388)(   31) + WORKING: F:\Sample\zlib-1.2.3_for_STATIC\.staticdata
(15388) + IGNORE: msbuild xxxxx // INTEREST: cl gcc cc g++ ar link ld xxx xc8 cpp cpstm8 castm8 clnk tricore-gcc tricore-g++ ctoa etoa ecomppc elxr
(15388)(   31) + Ignored EXENAME: as
(15388)(   31)ME: c:\gcc\5.3.0\32bit\bin\..\lib\gcc\mingw32\5.3.0\..\..\..\..\mingw32\bin\as.exe
(15388)(   31) + HOME: C:\Users\choig\AppData\Local\Suresofttech\STATIC Toolbox\apps\STATIC Client for C, C++ v1.1.2\
(15388)(   31) + WORKING: F:\Sample\zlib-1.2.3_for_STATIC\.staticdata
(15388) + IGNORE: msbuild xxxxx // INTEREST: cl gcc cc g++ ar link ld xxx xc8 cpp cpstm8 castm8 clnk tricore-gcc tricore-g++ ctoa etoa ecomppc elxr
(26468)(   29)ME: C:\gcc\5.3.0\32bit\bin\gcc.exe
(26468)(   29) + HOME: C:\Users\choig\AppData\Local\Suresofttech\STATIC Toolbox\apps\STATIC Client for C, C++ v1.1.2\
(26468)(   29) + WORKING: F:\Sample\zlib-1.2.3_for_STATIC\.staticdata
(26468) + IGNORE: msbuild xxxxx // INTEREST: cl gcc cc g++ ar link ld xxx xc8 cpp cpstm8 castm8 clnk tricore-gcc tricore-g++ ctoa etoa ecomppc elxr
(26468)(   29)ME: C:\gcc\5.3.0\32bit\bin\gcc.exe
(26468)(   29) + HOME: C:\Users\choig\AppData\Local\Suresofttech\STATIC Toolbox\apps\STATIC Client for C, C++ v1.1.2\
(26468)(   29) + WORKING: F:\Sample\zlib-1.2.3_for_STATIC\.staticdata
(26468) + IGNORE: msbuild xxxxx // INTEREST: cl gcc cc g++ ar link ld xxx xc8 cpp cpstm8 castm8 clnk tricore-gcc tricore-g++ ctoa etoa ecomppc elxr
(26544)(   33)ME: c:\gcc\5.3.0\32bit\bin\..\libexec\gcc\mingw32\5.3.0\cc1.exe
(26544)(   33) + HOME: C:\Users\choig\AppData\Local\Suresofttech\STATIC Toolbox\apps\STATIC Client for C, C++ v1.1.2\
(26544)(   33) + WORKING: F:\Sample\zlib-1.2.3_for_STATIC\.staticdata
(26544) + IGNORE: msbuild xxxxx // INTEREST: cl gcc cc g++ ar link ld xxx xc8 cpp cpstm8 castm8 clnk tricore-gcc tricore-g++ ctoa etoa ecomppc elxr
(26544)(   33)ME: c:\gcc\5.3.0\32bit\bin\..\libexec\gcc\mingw32\5.3.0\cc1.exe
(26544)(   33) + HOME: C:\Users\choig\AppData\Local\Suresofttech\STATIC Toolbox\apps\STATIC Client for C, C++ v1.1.2\
(26544)(   33) + WORKING: F:\Sample\zlib-1.2.3_for_STATIC\.staticdata
(26544) + IGNORE: msbuild xxxxx // INTEREST: cl gcc cc g++ ar link ld xxx xc8 cpp cpstm8 castm8 clnk tricore-gcc tricore-g++ ctoa etoa ecomppc elxr
(25192)(   34)ME: c:\gcc\5.3.0\32bit\bin\..\lib\gcc\mingw32\5.3.0\..\..\..\..\mingw32\bin\as.exe
(25192)(   34) + HOME: C:\Users\choig\AppData\Local\Suresofttech\STATIC Toolbox\apps\STATIC Client for C, C++ v1.1.2\
(25192)(   34) + WORKING: F:\Sample\zlib-1.2.3_for_STATIC\.staticdata
(25192) + IGNORE: msbuild xxxxx // INTEREST: cl gcc cc g++ ar link ld xxx xc8 cpp cpstm8 castm8 clnk tricore-gcc tricore-g++ ctoa etoa ecomppc elxr
(25192)(   34) + Ignored EXENAME: as
(25192)(   34)ME: c:\gcc\5.3.0\32bit\bin\..\lib\gcc\mingw32\5.3.0\..\..\..\..\mingw32\bin\as.exe
(25192)(   34) + HOME: C:\Users\choig\AppData\Local\Suresofttech\STATIC Toolbox\apps\STATIC Client for C, C++ v1.1.2\
(25192)(   34) + WORKING: F:\Sample\zlib-1.2.3_for_STATIC\.staticdata
(25192) + IGNORE: msbuild xxxxx // INTEREST: cl gcc cc g++ ar link ld xxx xc8 cpp cpstm8 castm8 clnk tricore-gcc tricore-g++ ctoa etoa ecomppc elxr
(26608)(   32)ME: C:\gcc\5.3.0\32bit\bin\gcc.exe
(26608)(   32) + HOME: C:\Users\choig\AppData\Local\Suresofttech\STATIC Toolbox\apps\STATIC Client for C, C++ v1.1.2\
(26608)(   32) + WORKING: F:\Sample\zlib-1.2.3_for_STATIC\.staticdata
(26608) + IGNORE: msbuild xxxxx // INTEREST: cl gcc cc g++ ar link ld xxx xc8 cpp cpstm8 castm8 clnk tricore-gcc tricore-g++ ctoa etoa ecomppc elxr
(26608)(   32)ME: C:\gcc\5.3.0\32bit\bin\gcc.exe
(26608)(   32) + HOME: C:\Users\choig\AppData\Local\Suresofttech\STATIC Toolbox\apps\STATIC Client for C, C++ v1.1.2\
(26608)(   32) + WORKING: F:\Sample\zlib-1.2.3_for_STATIC\.staticdata
(26608) + IGNORE: msbuild xxxxx // INTEREST: cl gcc cc g++ ar link ld xxx xc8 cpp cpstm8 castm8 clnk tricore-gcc tricore-g++ ctoa etoa ecomppc elxr
(25304)(   36)ME: c:\gcc\5.3.0\32bit\bin\..\libexec\gcc\mingw32\5.3.0\cc1.exe
(25304)(   36) + HOME: C:\Users\choig\AppData\Local\Suresofttech\STATIC Toolbox\apps\STATIC Client for C, C++ v1.1.2\
(25304)(   36) + WORKING: F:\Sample\zlib-1.2.3_for_STATIC\.staticdata
(25304) + IGNORE: msbuild xxxxx // INTEREST: cl gcc cc g++ ar link ld xxx xc8 cpp cpstm8 castm8 clnk tricore-gcc tricore-g++ ctoa etoa ecomppc elxr
(25304)(   36)ME: c:\gcc\5.3.0\32bit\bin\..\libexec\gcc\mingw32\5.3.0\cc1.exe
(25304)(   36) + HOME: C:\Users\choig\AppData\Local\Suresofttech\STATIC Toolbox\apps\STATIC Client for C, C++ v1.1.2\
(25304)(   36) + WORKING: F:\Sample\zlib-1.2.3_for_STATIC\.staticdata
(25304) + IGNORE: msbuild xxxxx // INTEREST: cl gcc cc g++ ar link ld xxx xc8 cpp cpstm8 castm8 clnk tricore-gcc tricore-g++ ctoa etoa ecomppc elxr
(26540)(   37)ME: c:\gcc\5.3.0\32bit\bin\..\lib\gcc\mingw32\5.3.0\..\..\..\..\mingw32\bin\as.exe
(26540)(   37) + HOME: C:\Users\choig\AppData\Local\Suresofttech\STATIC Toolbox\apps\STATIC Client for C, C++ v1.1.2\
(26540)(   37) + WORKING: F:\Sample\zlib-1.2.3_for_STATIC\.staticdata
(26540) + IGNORE: msbuild xxxxx // INTEREST: cl gcc cc g++ ar link ld xxx xc8 cpp cpstm8 castm8 clnk tricore-gcc tricore-g++ ctoa etoa ecomppc elxr
(26540)(   37) + Ignored EXENAME: as
(26540)(   37)ME: c:\gcc\5.3.0\32bit\bin\..\lib\gcc\mingw32\5.3.0\..\..\..\..\mingw32\bin\as.exe
(26540)(   37) + HOME: C:\Users\choig\AppData\Local\Suresofttech\STATIC Toolbox\apps\STATIC Client for C, C++ v1.1.2\
(26540)(   37) + WORKING: F:\Sample\zlib-1.2.3_for_STATIC\.staticdata
(26540) + IGNORE: msbuild xxxxx // INTEREST: cl gcc cc g++ ar link ld xxx xc8 cpp cpstm8 castm8 clnk tricore-gcc tricore-g++ ctoa etoa ecomppc elxr
(23048)(   35)ME: C:\gcc\5.3.0\32bit\bin\gcc.exe
(23048)(   35) + HOME: C:\Users\choig\AppData\Local\Suresofttech\STATIC Toolbox\apps\STATIC Client for C, C++ v1.1.2\
(23048)(   35) + WORKING: F:\Sample\zlib-1.2.3_for_STATIC\.staticdata
(23048) + IGNORE: msbuild xxxxx // INTEREST: cl gcc cc g++ ar link ld xxx xc8 cpp cpstm8 castm8 clnk tricore-gcc tricore-g++ ctoa etoa ecomppc elxr
(23048)(   35)ME: C:\gcc\5.3.0\32bit\bin\gcc.exe
(23048)(   35) + HOME: C:\Users\choig\AppData\Local\Suresofttech\STATIC Toolbox\apps\STATIC Client for C, C++ v1.1.2\
(23048)(   35) + WORKING: F:\Sample\zlib-1.2.3_for_STATIC\.staticdata
(23048) + IGNORE: msbuild xxxxx // INTEREST: cl gcc cc g++ ar link ld xxx xc8 cpp cpstm8 castm8 clnk tricore-gcc tricore-g++ ctoa etoa ecomppc elxr
( 5068)(   39)ME: c:\gcc\5.3.0\32bit\bin\..\libexec\gcc\mingw32\5.3.0\cc1.exe
( 5068)(   39) + HOME: C:\Users\choig\AppData\Local\Suresofttech\STATIC Toolbox\apps\STATIC Client for C, C++ v1.1.2\
( 5068)(   39) + WORKING: F:\Sample\zlib-1.2.3_for_STATIC\.staticdata
( 5068) + IGNORE: msbuild xxxxx // INTEREST: cl gcc cc g++ ar link ld xxx xc8 cpp cpstm8 castm8 clnk tricore-gcc tricore-g++ ctoa etoa ecomppc elxr
( 5068)(   39)ME: c:\gcc\5.3.0\32bit\bin\..\libexec\gcc\mingw32\5.3.0\cc1.exe
( 5068)(   39) + HOME: C:\Users\choig\AppData\Local\Suresofttech\STATIC Toolbox\apps\STATIC Client for C, C++ v1.1.2\
( 5068)(   39) + WORKING: F:\Sample\zlib-1.2.3_for_STATIC\.staticdata
( 5068) + IGNORE: msbuild xxxxx // INTEREST: cl gcc cc g++ ar link ld xxx xc8 cpp cpstm8 castm8 clnk tricore-gcc tricore-g++ ctoa etoa ecomppc elxr
(18172)(   40)ME: c:\gcc\5.3.0\32bit\bin\..\lib\gcc\mingw32\5.3.0\..\..\..\..\mingw32\bin\as.exe
(18172)(   40) + HOME: C:\Users\choig\AppData\Local\Suresofttech\STATIC Toolbox\apps\STATIC Client for C, C++ v1.1.2\
(18172)(   40) + WORKING: F:\Sample\zlib-1.2.3_for_STATIC\.staticdata
(18172) + IGNORE: msbuild xxxxx // INTEREST: cl gcc cc g++ ar link ld xxx xc8 cpp cpstm8 castm8 clnk tricore-gcc tricore-g++ ctoa etoa ecomppc elxr
(18172)(   40) + Ignored EXENAME: as
(18172)(   40)ME: c:\gcc\5.3.0\32bit\bin\..\lib\gcc\mingw32\5.3.0\..\..\..\..\mingw32\bin\as.exe
(18172)(   40) + HOME: C:\Users\choig\AppData\Local\Suresofttech\STATIC Toolbox\apps\STATIC Client for C, C++ v1.1.2\
(18172)(   40) + WORKING: F:\Sample\zlib-1.2.3_for_STATIC\.staticdata
(18172) + IGNORE: msbuild xxxxx // INTEREST: cl gcc cc g++ ar link ld xxx xc8 cpp cpstm8 castm8 clnk tricore-gcc tricore-g++ ctoa etoa ecomppc elxr
(22072)(   38)ME: C:\gcc\5.3.0\32bit\bin\gcc.exe
(22072)(   38) + HOME: C:\Users\choig\AppData\Local\Suresofttech\STATIC Toolbox\apps\STATIC Client for C, C++ v1.1.2\
(22072)(   38) + WORKING: F:\Sample\zlib-1.2.3_for_STATIC\.staticdata
(22072) + IGNORE: msbuild xxxxx // INTEREST: cl gcc cc g++ ar link ld xxx xc8 cpp cpstm8 castm8 clnk tricore-gcc tricore-g++ ctoa etoa ecomppc elxr
(22072)(   38)ME: C:\gcc\5.3.0\32bit\bin\gcc.exe
(22072)(   38) + HOME: C:\Users\choig\AppData\Local\Suresofttech\STATIC Toolbox\apps\STATIC Client for C, C++ v1.1.2\
(22072)(   38) + WORKING: F:\Sample\zlib-1.2.3_for_STATIC\.staticdata
(22072) + IGNORE: msbuild xxxxx // INTEREST: cl gcc cc g++ ar link ld xxx xc8 cpp cpstm8 castm8 clnk tricore-gcc tricore-g++ ctoa etoa ecomppc elxr
( 5760)(   41)ME: C:\gcc\5.3.0\32bit\bin\ar.exe
( 5760)(   41) + HOME: C:\Users\choig\AppData\Local\Suresofttech\STATIC Toolbox\apps\STATIC Client for C, C++ v1.1.2\
( 5760)(   41) + WORKING: F:\Sample\zlib-1.2.3_for_STATIC\.staticdata
( 5760) + IGNORE: msbuild xxxxx // INTEREST: cl gcc cc g++ ar link ld xxx xc8 cpp cpstm8 castm8 clnk tricore-gcc tricore-g++ ctoa etoa ecomppc elxr
( 5760)(   41)ME: C:\gcc\5.3.0\32bit\bin\ar.exe
( 5760)(   41) + HOME: C:\Users\choig\AppData\Local\Suresofttech\STATIC Toolbox\apps\STATIC Client for C, C++ v1.1.2\
( 5760)(   41) + WORKING: F:\Sample\zlib-1.2.3_for_STATIC\.staticdata
( 5760) + IGNORE: msbuild xxxxx // INTEREST: cl gcc cc g++ ar link ld xxx xc8 cpp cpstm8 castm8 clnk tricore-gcc tricore-g++ ctoa etoa ecomppc elxr
(23544)(   43)ME: c:\gcc\5.3.0\32bit\bin\..\libexec\gcc\mingw32\5.3.0\collect2.exe
(23544)(   43) + HOME: C:\Users\choig\AppData\Local\Suresofttech\STATIC Toolbox\apps\STATIC Client for C, C++ v1.1.2\
(23544)(   43) + WORKING: F:\Sample\zlib-1.2.3_for_STATIC\.staticdata
(23544) + IGNORE: msbuild xxxxx // INTEREST: cl gcc cc g++ ar link ld xxx xc8 cpp cpstm8 castm8 clnk tricore-gcc tricore-g++ ctoa etoa ecomppc elxr
(23544)(   43) + Ignored EXENAME: collect2
(23796)(   44)ME: c:\gcc\5.3.0\32bit\bin\..\lib\gcc\mingw32\5.3.0\..\..\..\..\mingw32\bin\ld.exe
(23796)(   44) + HOME: C:\Users\choig\AppData\Local\Suresofttech\STATIC Toolbox\apps\STATIC Client for C, C++ v1.1.2\
(23796)(   44) + WORKING: F:\Sample\zlib-1.2.3_for_STATIC\.staticdata
(23796) + IGNORE: msbuild xxxxx // INTEREST: cl gcc cc g++ ar link ld xxx xc8 cpp cpstm8 castm8 clnk tricore-gcc tricore-g++ ctoa etoa ecomppc elxr
(23796)(   44)ME: c:\gcc\5.3.0\32bit\bin\..\lib\gcc\mingw32\5.3.0\..\..\..\..\mingw32\bin\ld.exe
(23796)(   44) + HOME: C:\Users\choig\AppData\Local\Suresofttech\STATIC Toolbox\apps\STATIC Client for C, C++ v1.1.2\
(23796)(   44) + WORKING: F:\Sample\zlib-1.2.3_for_STATIC\.staticdata
(23796) + IGNORE: msbuild xxxxx // INTEREST: cl gcc cc g++ ar link ld xxx xc8 cpp cpstm8 castm8 clnk tricore-gcc tricore-g++ ctoa etoa ecomppc elxr
(23544)(   43)ME: c:\gcc\5.3.0\32bit\bin\..\libexec\gcc\mingw32\5.3.0\collect2.exe
(23544)(   43) + HOME: C:\Users\choig\AppData\Local\Suresofttech\STATIC Toolbox\apps\STATIC Client for C, C++ v1.1.2\
(23544)(   43) + WORKING: F:\Sample\zlib-1.2.3_for_STATIC\.staticdata
(23544) + IGNORE: msbuild xxxxx // INTEREST: cl gcc cc g++ ar link ld xxx xc8 cpp cpstm8 castm8 clnk tricore-gcc tricore-g++ ctoa etoa ecomppc elxr
(14524)(   42)ME: C:\gcc\5.3.0\32bit\bin\gcc.exe
(14524)(   42) + HOME: C:\Users\choig\AppData\Local\Suresofttech\STATIC Toolbox\apps\STATIC Client for C, C++ v1.1.2\
(14524)(   42) + WORKING: F:\Sample\zlib-1.2.3_for_STATIC\.staticdata
(14524) + IGNORE: msbuild xxxxx // INTEREST: cl gcc cc g++ ar link ld xxx xc8 cpp cpstm8 castm8 clnk tricore-gcc tricore-g++ ctoa etoa ecomppc elxr
(14524)(   42)ME: C:\gcc\5.3.0\32bit\bin\gcc.exe
(14524)(   42) + HOME: C:\Users\choig\AppData\Local\Suresofttech\STATIC Toolbox\apps\STATIC Client for C, C++ v1.1.2\
(14524)(   42) + WORKING: F:\Sample\zlib-1.2.3_for_STATIC\.staticdata
(14524) + IGNORE: msbuild xxxxx // INTEREST: cl gcc cc g++ ar link ld xxx xc8 cpp cpstm8 castm8 clnk tricore-gcc tricore-g++ ctoa etoa ecomppc elxr
( 7688)(   46)ME: c:\gcc\5.3.0\32bit\bin\..\libexec\gcc\mingw32\5.3.0\cc1.exe
( 7688)(   46) + HOME: C:\Users\choig\AppData\Local\Suresofttech\STATIC Toolbox\apps\STATIC Client for C, C++ v1.1.2\
( 7688)(   46) + WORKING: F:\Sample\zlib-1.2.3_for_STATIC\.staticdata
( 7688) + IGNORE: msbuild xxxxx // INTEREST: cl gcc cc g++ ar link ld xxx xc8 cpp cpstm8 castm8 clnk tricore-gcc tricore-g++ ctoa etoa ecomppc elxr
( 7688)(   46)ME: c:\gcc\5.3.0\32bit\bin\..\libexec\gcc\mingw32\5.3.0\cc1.exe
( 7688)(   46) + HOME: C:\Users\choig\AppData\Local\Suresofttech\STATIC Toolbox\apps\STATIC Client for C, C++ v1.1.2\
( 7688)(   46) + WORKING: F:\Sample\zlib-1.2.3_for_STATIC\.staticdata
( 7688) + IGNORE: msbuild xxxxx // INTEREST: cl gcc cc g++ ar link ld xxx xc8 cpp cpstm8 castm8 clnk tricore-gcc tricore-g++ ctoa etoa ecomppc elxr
(24232)(   47)ME: c:\gcc\5.3.0\32bit\bin\..\lib\gcc\mingw32\5.3.0\..\..\..\..\mingw32\bin\as.exe
(24232)(   47) + HOME: C:\Users\choig\AppData\Local\Suresofttech\STATIC Toolbox\apps\STATIC Client for C, C++ v1.1.2\
(24232)(   47) + WORKING: F:\Sample\zlib-1.2.3_for_STATIC\.staticdata
(24232) + IGNORE: msbuild xxxxx // INTEREST: cl gcc cc g++ ar link ld xxx xc8 cpp cpstm8 castm8 clnk tricore-gcc tricore-g++ ctoa etoa ecomppc elxr
(24232)(   47) + Ignored EXENAME: as
(24232)(   47)ME: c:\gcc\5.3.0\32bit\bin\..\lib\gcc\mingw32\5.3.0\..\..\..\..\mingw32\bin\as.exe
(24232)(   47) + HOME: C:\Users\choig\AppData\Local\Suresofttech\STATIC Toolbox\apps\STATIC Client for C, C++ v1.1.2\
(24232)(   47) + WORKING: F:\Sample\zlib-1.2.3_for_STATIC\.staticdata
(24232) + IGNORE: msbuild xxxxx // INTEREST: cl gcc cc g++ ar link ld xxx xc8 cpp cpstm8 castm8 clnk tricore-gcc tricore-g++ ctoa etoa ecomppc elxr
(15672)(   45)ME: C:\gcc\5.3.0\32bit\bin\gcc.exe
(15672)(   45) + HOME: C:\Users\choig\AppData\Local\Suresofttech\STATIC Toolbox\apps\STATIC Client for C, C++ v1.1.2\
(15672)(   45) + WORKING: F:\Sample\zlib-1.2.3_for_STATIC\.staticdata
(15672) + IGNORE: msbuild xxxxx // INTEREST: cl gcc cc g++ ar link ld xxx xc8 cpp cpstm8 castm8 clnk tricore-gcc tricore-g++ ctoa etoa ecomppc elxr
(15672)(   45)ME: C:\gcc\5.3.0\32bit\bin\gcc.exe
(15672)(   45) + HOME: C:\Users\choig\AppData\Local\Suresofttech\STATIC Toolbox\apps\STATIC Client for C, C++ v1.1.2\
(15672)(   45) + WORKING: F:\Sample\zlib-1.2.3_for_STATIC\.staticdata
(15672) + IGNORE: msbuild xxxxx // INTEREST: cl gcc cc g++ ar link ld xxx xc8 cpp cpstm8 castm8 clnk tricore-gcc tricore-g++ ctoa etoa ecomppc elxr
(23600)(   49)ME: c:\gcc\5.3.0\32bit\bin\..\libexec\gcc\mingw32\5.3.0\collect2.exe
(23600)(   49) + HOME: C:\Users\choig\AppData\Local\Suresofttech\STATIC Toolbox\apps\STATIC Client for C, C++ v1.1.2\
(23600)(   49) + WORKING: F:\Sample\zlib-1.2.3_for_STATIC\.staticdata
(23600) + IGNORE: msbuild xxxxx // INTEREST: cl gcc cc g++ ar link ld xxx xc8 cpp cpstm8 castm8 clnk tricore-gcc tricore-g++ ctoa etoa ecomppc elxr
(23600)(   49) + Ignored EXENAME: collect2
( 1912)(   50)ME: c:\gcc\5.3.0\32bit\bin\..\lib\gcc\mingw32\5.3.0\..\..\..\..\mingw32\bin\ld.exe
( 1912)(   50) + HOME: C:\Users\choig\AppData\Local\Suresofttech\STATIC Toolbox\apps\STATIC Client for C, C++ v1.1.2\
( 1912)(   50) + WORKING: F:\Sample\zlib-1.2.3_for_STATIC\.staticdata
( 1912) + IGNORE: msbuild xxxxx // INTEREST: cl gcc cc g++ ar link ld xxx xc8 cpp cpstm8 castm8 clnk tricore-gcc tricore-g++ ctoa etoa ecomppc elxr
( 1912)(   50)ME: c:\gcc\5.3.0\32bit\bin\..\lib\gcc\mingw32\5.3.0\..\..\..\..\mingw32\bin\ld.exe
( 1912)(   50) + HOME: C:\Users\choig\AppData\Local\Suresofttech\STATIC Toolbox\apps\STATIC Client for C, C++ v1.1.2\
( 1912)(   50) + WORKING: F:\Sample\zlib-1.2.3_for_STATIC\.staticdata
( 1912) + IGNORE: msbuild xxxxx // INTEREST: cl gcc cc g++ ar link ld xxx xc8 cpp cpstm8 castm8 clnk tricore-gcc tricore-g++ ctoa etoa ecomppc elxr
(23600)(   49)ME: c:\gcc\5.3.0\32bit\bin\..\libexec\gcc\mingw32\5.3.0\collect2.exe
(23600)(   49) + HOME: C:\Users\choig\AppData\Local\Suresofttech\STATIC Toolbox\apps\STATIC Client for C, C++ v1.1.2\
(23600)(   49) + WORKING: F:\Sample\zlib-1.2.3_for_STATIC\.staticdata
(23600) + IGNORE: msbuild xxxxx // INTEREST: cl gcc cc g++ ar link ld xxx xc8 cpp cpstm8 castm8 clnk tricore-gcc tricore-g++ ctoa etoa ecomppc elxr
(24180)(   48)ME: C:\gcc\5.3.0\32bit\bin\gcc.exe
(24180)(   48) + HOME: C:\Users\choig\AppData\Local\Suresofttech\STATIC Toolbox\apps\STATIC Client for C, C++ v1.1.2\
(24180)(   48) + WORKING: F:\Sample\zlib-1.2.3_for_STATIC\.staticdata
(24180) + IGNORE: msbuild xxxxx // INTEREST: cl gcc cc g++ ar link ld xxx xc8 cpp cpstm8 castm8 clnk tricore-gcc tricore-g++ ctoa etoa ecomppc elxr
(24180)(   48)ME: C:\gcc\5.3.0\32bit\bin\gcc.exe
(24180)(   48) + HOME: C:\Users\choig\AppData\Local\Suresofttech\STATIC Toolbox\apps\STATIC Client for C, C++ v1.1.2\
(24180)(   48) + WORKING: F:\Sample\zlib-1.2.3_for_STATIC\.staticdata
(24180) + IGNORE: msbuild xxxxx // INTEREST: cl gcc cc g++ ar link ld xxx xc8 cpp cpstm8 castm8 clnk tricore-gcc tricore-g++ ctoa etoa ecomppc elxr
( 3404)(    1)ME: C:\gcc\5.3.0\32bit\bin\mingw32-make.exe
( 3404)(    1) + HOME: C:\Users\choig\AppData\Local\Suresofttech\STATIC Toolbox\apps\STATIC Client for C, C++ v1.1.2\
( 3404)(    1) + WORKING: F:\Sample\zlib-1.2.3_for_STATIC\.staticdata
( 3404) + IGNORE: msbuild xxxxx // INTEREST: cl gcc cc g++ ar link ld xxx xc8 cpp cpstm8 castm8 clnk tricore-gcc tricore-g++ ctoa etoa ecomppc elxr
