==================================================================
2022/12/05_14:04:01:871
processName:conhost
PID:  27620
PPID: 12868
csID: 1
==================================================================
==================================================================
2022/12/05_14:04:01:921
processName:cmd
PID:  12868
PPID: 24304
csID: 2
==================================================================
==================================================================
2022/12/05_14:04:01:978
processName:chcp
PID:  25820
PPID: 12868
csID: 3
==================================================================
==================================================================
2022/12/05_14:04:02:103
processName:mingw32-make
PID:  28212
PPID: 12868
csID: 4
==================================================================
==================================================================
2022/12/05_14:04:02:232
processName:gcc
PID:  28456
PPID: 28212
csID: 5
==================================================================
==================================================================
2022/12/05_14:04:02:356
processName:cc1
PID:  21836
PPID: 28456
csID: 6
==================================================================
==================================================================
2022/12/05_14:04:02:611
processName:as
PID:  16780
PPID: 28456
csID: 7
==================================================================
==================================================================
2022/12/05_14:04:02:758
processName:gcc
PID:  26884
PPID: 28212
csID: 8
==================================================================
==================================================================
2022/12/05_14:04:02:878
processName:cc1
PID:  7200
PPID: 26884
csID: 9
==================================================================
==================================================================
2022/12/05_14:04:03:125
processName:as
PID:  18660
PPID: 26884
csID: 10
==================================================================
==================================================================
2022/12/05_14:04:03:319
processName:gcc
PID:  18468
PPID: 28212
csID: 11
==================================================================
==================================================================
2022/12/05_14:04:03:510
processName:cc1
PID:  18384
PPID: 18468
csID: 12
==================================================================
==================================================================
2022/12/05_14:04:03:726
processName:as
PID:  22500
PPID: 18468
csID: 13
==================================================================
==================================================================
2022/12/05_14:04:03:846
processName:gcc
PID:  27236
PPID: 28212
csID: 14
==================================================================
==================================================================
2022/12/05_14:04:03:948
processName:cc1
PID:  23944
PPID: 27236
csID: 15
==================================================================
==================================================================
2022/12/05_14:04:04:182
processName:as
PID:  22580
PPID: 27236
csID: 16
==================================================================
==================================================================
2022/12/05_14:04:04:305
processName:gcc
PID:  26004
PPID: 28212
csID: 17
==================================================================
==================================================================
2022/12/05_14:04:04:401
processName:cc1
PID:  23600
PPID: 26004
csID: 18
==================================================================
==================================================================
2022/12/05_14:04:04:948
processName:as
PID:  3564
PPID: 26004
csID: 19
==================================================================
==================================================================
2022/12/05_14:04:05:96
processName:gcc
PID:  1948
PPID: 28212
csID: 20
==================================================================
==================================================================
2022/12/05_14:04:05:202
processName:cc1
PID:  20128
PPID: 1948
csID: 21
==================================================================
==================================================================
2022/12/05_14:04:05:354
processName:as
PID:  4684
PPID: 1948
csID: 22
==================================================================
==================================================================
2022/12/05_14:04:05:475
processName:gcc
PID:  11892
PPID: 28212
csID: 23
==================================================================
==================================================================
2022/12/05_14:04:05:574
processName:cc1
PID:  14432
PPID: 11892
csID: 24
==================================================================
==================================================================
2022/12/05_14:04:06:47
processName:as
PID:  11672
PPID: 11892
csID: 25
==================================================================
==================================================================
2022/12/05_14:04:06:178
processName:gcc
PID:  25952
PPID: 28212
csID: 26
==================================================================
==================================================================
2022/12/05_14:04:06:291
processName:cc1
PID:  23416
PPID: 25952
csID: 27
==================================================================
==================================================================
2022/12/05_14:04:06:721
processName:as
PID:  24196
PPID: 25952
csID: 28
==================================================================
==================================================================
2022/12/05_14:04:06:895
processName:gcc
PID:  9736
PPID: 28212
csID: 29
==================================================================
==================================================================
2022/12/05_14:04:07:18
processName:cc1
PID:  22164
PPID: 9736
csID: 30
==================================================================
==================================================================
2022/12/05_14:04:07:165
processName:as
PID:  26780
PPID: 9736
csID: 31
==================================================================
==================================================================
2022/12/05_14:04:07:297
processName:gcc
PID:  25864
PPID: 28212
csID: 32
==================================================================
==================================================================
2022/12/05_14:04:07:439
processName:cc1
PID:  27120
PPID: 25864
csID: 33
==================================================================
==================================================================
2022/12/05_14:04:08:39
processName:as
PID:  312
PPID: 25864
csID: 34
==================================================================
==================================================================
2022/12/05_14:04:08:199
processName:gcc
PID:  296
PPID: 28212
csID: 35
==================================================================
==================================================================
2022/12/05_14:04:08:301
processName:cc1
PID:  7228
PPID: 296
csID: 36
==================================================================
==================================================================
2022/12/05_14:04:08:579
processName:as
PID:  20684
PPID: 296
csID: 37
==================================================================
==================================================================
2022/12/05_14:04:08:698
processName:gcc
PID:  19040
PPID: 28212
csID: 38
==================================================================
==================================================================
2022/12/05_14:04:08:793
processName:cc1
PID:  18568
PPID: 19040
csID: 39
==================================================================
==================================================================
2022/12/05_14:04:08:984
processName:as
PID:  24408
PPID: 19040
csID: 40
==================================================================
==================================================================
2022/12/05_14:04:09:113
processName:gcc
PID:  9456
PPID: 28212
csID: 41
==================================================================
==================================================================
2022/12/05_14:04:09:210
processName:cc1
PID:  27908
PPID: 9456
csID: 42
==================================================================
==================================================================
2022/12/05_14:04:09:416
processName:as
PID:  24580
PPID: 9456
csID: 43
==================================================================
==================================================================
2022/12/05_14:04:09:554
processName:ar
PID:  8612
PPID: 28212
csID: 44
==================================================================
==================================================================
2022/12/05_14:04:09:741
processName:gcc
PID:  18504
PPID: 28212
csID: 45
==================================================================
==================================================================
2022/12/05_14:04:09:835
processName:collect2
PID:  9460
PPID: 18504
csID: 46
==================================================================
==================================================================
2022/12/05_14:04:09:928
processName:ld
PID:  6596
PPID: 9460
csID: 47
==================================================================
==================================================================
2022/12/05_14:04:10:328
processName:gcc
PID:  25756
PPID: 28212
csID: 48
==================================================================
==================================================================
2022/12/05_14:04:10:433
processName:cc1
PID:  5884
PPID: 25756
csID: 49
==================================================================
==================================================================
2022/12/05_14:04:10:603
processName:as
PID:  21608
PPID: 25756
csID: 50
==================================================================
==================================================================
2022/12/05_14:04:10:729
processName:gcc
PID:  14728
PPID: 28212
csID: 51
==================================================================
==================================================================
2022/12/05_14:04:10:819
processName:collect2
PID:  24984
PPID: 14728
csID: 52
==================================================================
==================================================================
2022/12/05_14:04:10:919
processName:ld
PID:  9392
PPID: 24984
csID: 53
==================================================================
==================================================================
2022/12/05_14:04:11:291
processName:chcp
PID:  19376
PPID: 12868
csID: 54
==================================================================
