(29544)(    1)ME: C:\Windows\system32\conhost.exe
(29544)(    1) + HOME: C:\Users\choig\AppData\Local\Suresofttech\STATIC Toolbox\apps\STATIC Client for C, C++ v1.2.0\
(29544)(    1) + WORKING: C:\Users\choig\OneDrive\문서\hello\.staticdata
(29544) + IGNORE: msbuild xxxxx // INTEREST: cl gcc cc g++ ar link ld xxx xc8 cpp cpstm8 castm8 clnk tricore-gcc tricore-g++ ctoa etoa ecomppc elxr
(29544)(    1) + Ignored EXENAME: conhost
(29464)(    2)ME: C:\Windows\system32\cmd.exe
(29464)(    2) + HOME: C:\Users\choig\AppData\Local\Suresofttech\STATIC Toolbox\apps\STATIC Client for C, C++ v1.2.0\
(29464)(    2) + WORKING: C:\Users\choig\OneDrive\문서\hello\.staticdata
(29464) + IGNORE: msbuild xxxxx // INTEREST: cl gcc cc g++ ar link ld xxx xc8 cpp cpstm8 castm8 clnk tricore-gcc tricore-g++ ctoa etoa ecomppc elxr
(29464)(    2) + Ignored EXENAME: cmd
(29640)(    3)ME: C:\Windows\system32\chcp.com
(29640)(    3) + HOME: C:\Users\choig\AppData\Local\Suresofttech\STATIC Toolbox\apps\STATIC Client for C, C++ v1.2.0\
(29640)(    3) + WORKING: C:\Users\choig\OneDrive\문서\hello\.staticdata
(29640) + IGNORE: msbuild xxxxx // INTEREST: cl gcc cc g++ ar link ld xxx xc8 cpp cpstm8 castm8 clnk tricore-gcc tricore-g++ ctoa etoa ecomppc elxr
(29640)(    3) + Ignored EXENAME: chcp
(19896)(    4)ME: C:\Users\choig\AppData\Roaming\CodeScroll\Compiler\gcc\5.3.0\32bit\bin\mingw32-make.exe
(19896)(    4) + HOME: C:\Users\choig\AppData\Local\Suresofttech\STATIC Toolbox\apps\STATIC Client for C, C++ v1.2.0\
(19896)(    4) + WORKING: C:\Users\choig\OneDrive\문서\hello\.staticdata
(19896) + IGNORE: msbuild xxxxx // INTEREST: cl gcc cc g++ ar link ld xxx xc8 cpp cpstm8 castm8 clnk tricore-gcc tricore-g++ ctoa etoa ecomppc elxr
(19896)(    4) + Ignored EXENAME: mingw32-make
(28940)(    6)ME: c:\users\choig\appdata\roaming\codescroll\compiler\gcc\5.3.0\32bit\bin\..\libexec\gcc\mingw32\5.3.0\cc1.exe
(28940)(    6) + HOME: C:\Users\choig\AppData\Local\Suresofttech\STATIC Toolbox\apps\STATIC Client for C, C++ v1.2.0\
(28940)(    6) + WORKING: C:\Users\choig\OneDrive\문서\hello\.staticdata
(28940) + IGNORE: msbuild xxxxx // INTEREST: cl gcc cc g++ ar link ld xxx xc8 cpp cpstm8 castm8 clnk tricore-gcc tricore-g++ ctoa etoa ecomppc elxr
(28940)(    6)ME: c:\users\choig\appdata\roaming\codescroll\compiler\gcc\5.3.0\32bit\bin\..\libexec\gcc\mingw32\5.3.0\cc1.exe
(28940)(    6) + HOME: C:\Users\choig\AppData\Local\Suresofttech\STATIC Toolbox\apps\STATIC Client for C, C++ v1.2.0\
(28940)(    6) + WORKING: C:\Users\choig\OneDrive\문서\hello\.staticdata
(28940) + IGNORE: msbuild xxxxx // INTEREST: cl gcc cc g++ ar link ld xxx xc8 cpp cpstm8 castm8 clnk tricore-gcc tricore-g++ ctoa etoa ecomppc elxr
(28996)(    7)ME: c:\users\choig\appdata\roaming\codescroll\compiler\gcc\5.3.0\32bit\bin\..\lib\gcc\mingw32\5.3.0\..\..\..\..\mingw32\bin\as.exe
(28996)(    7) + HOME: C:\Users\choig\AppData\Local\Suresofttech\STATIC Toolbox\apps\STATIC Client for C, C++ v1.2.0\
(28996)(    7) + WORKING: C:\Users\choig\OneDrive\문서\hello\.staticdata
(28996) + IGNORE: msbuild xxxxx // INTEREST: cl gcc cc g++ ar link ld xxx xc8 cpp cpstm8 castm8 clnk tricore-gcc tricore-g++ ctoa etoa ecomppc elxr
(28996)(    7) + Ignored EXENAME: as
(28996)(    7)ME: c:\users\choig\appdata\roaming\codescroll\compiler\gcc\5.3.0\32bit\bin\..\lib\gcc\mingw32\5.3.0\..\..\..\..\mingw32\bin\as.exe
(28996)(    7) + HOME: C:\Users\choig\AppData\Local\Suresofttech\STATIC Toolbox\apps\STATIC Client for C, C++ v1.2.0\
(28996)(    7) + WORKING: C:\Users\choig\OneDrive\문서\hello\.staticdata
(28996) + IGNORE: msbuild xxxxx // INTEREST: cl gcc cc g++ ar link ld xxx xc8 cpp cpstm8 castm8 clnk tricore-gcc tricore-g++ ctoa etoa ecomppc elxr
(29628)(    5)ME: C:\Users\choig\AppData\Roaming\CodeScroll\Compiler\gcc\5.3.0\32bit\bin\gcc.exe
(29628)(    5) + HOME: C:\Users\choig\AppData\Local\Suresofttech\STATIC Toolbox\apps\STATIC Client for C, C++ v1.2.0\
(29628)(    5) + WORKING: C:\Users\choig\OneDrive\문서\hello\.staticdata
(29628) + IGNORE: msbuild xxxxx // INTEREST: cl gcc cc g++ ar link ld xxx xc8 cpp cpstm8 castm8 clnk tricore-gcc tricore-g++ ctoa etoa ecomppc elxr
(29628)(    5)ME: C:\Users\choig\AppData\Roaming\CodeScroll\Compiler\gcc\5.3.0\32bit\bin\gcc.exe
(29628)(    5) + HOME: C:\Users\choig\AppData\Local\Suresofttech\STATIC Toolbox\apps\STATIC Client for C, C++ v1.2.0\
(29628)(    5) + WORKING: C:\Users\choig\OneDrive\문서\hello\.staticdata
(29628) + IGNORE: msbuild xxxxx // INTEREST: cl gcc cc g++ ar link ld xxx xc8 cpp cpstm8 castm8 clnk tricore-gcc tricore-g++ ctoa etoa ecomppc elxr
(29188)(    9)ME: c:\users\choig\appdata\roaming\codescroll\compiler\gcc\5.3.0\32bit\bin\..\libexec\gcc\mingw32\5.3.0\cc1.exe
(29188)(    9) + HOME: C:\Users\choig\AppData\Local\Suresofttech\STATIC Toolbox\apps\STATIC Client for C, C++ v1.2.0\
(29188)(    9) + WORKING: C:\Users\choig\OneDrive\문서\hello\.staticdata
(29188) + IGNORE: msbuild xxxxx // INTEREST: cl gcc cc g++ ar link ld xxx xc8 cpp cpstm8 castm8 clnk tricore-gcc tricore-g++ ctoa etoa ecomppc elxr
(29188)(    9)ME: c:\users\choig\appdata\roaming\codescroll\compiler\gcc\5.3.0\32bit\bin\..\libexec\gcc\mingw32\5.3.0\cc1.exe
(29188)(    9) + HOME: C:\Users\choig\AppData\Local\Suresofttech\STATIC Toolbox\apps\STATIC Client for C, C++ v1.2.0\
(29188)(    9) + WORKING: C:\Users\choig\OneDrive\문서\hello\.staticdata
(29188) + IGNORE: msbuild xxxxx // INTEREST: cl gcc cc g++ ar link ld xxx xc8 cpp cpstm8 castm8 clnk tricore-gcc tricore-g++ ctoa etoa ecomppc elxr
(29336)(   10)ME: c:\users\choig\appdata\roaming\codescroll\compiler\gcc\5.3.0\32bit\bin\..\lib\gcc\mingw32\5.3.0\..\..\..\..\mingw32\bin\as.exe
(29336)(   10) + HOME: C:\Users\choig\AppData\Local\Suresofttech\STATIC Toolbox\apps\STATIC Client for C, C++ v1.2.0\
(29336)(   10) + WORKING: C:\Users\choig\OneDrive\문서\hello\.staticdata
(29336) + IGNORE: msbuild xxxxx // INTEREST: cl gcc cc g++ ar link ld xxx xc8 cpp cpstm8 castm8 clnk tricore-gcc tricore-g++ ctoa etoa ecomppc elxr
(29336)(   10) + Ignored EXENAME: as
(29336)(   10)ME: c:\users\choig\appdata\roaming\codescroll\compiler\gcc\5.3.0\32bit\bin\..\lib\gcc\mingw32\5.3.0\..\..\..\..\mingw32\bin\as.exe
(29336)(   10) + HOME: C:\Users\choig\AppData\Local\Suresofttech\STATIC Toolbox\apps\STATIC Client for C, C++ v1.2.0\
(29336)(   10) + WORKING: C:\Users\choig\OneDrive\문서\hello\.staticdata
(29336) + IGNORE: msbuild xxxxx // INTEREST: cl gcc cc g++ ar link ld xxx xc8 cpp cpstm8 castm8 clnk tricore-gcc tricore-g++ ctoa etoa ecomppc elxr
(29312)(    8)ME: C:\Users\choig\AppData\Roaming\CodeScroll\Compiler\gcc\5.3.0\32bit\bin\gcc.exe
(29312)(    8) + HOME: C:\Users\choig\AppData\Local\Suresofttech\STATIC Toolbox\apps\STATIC Client for C, C++ v1.2.0\
(29312)(    8) + WORKING: C:\Users\choig\OneDrive\문서\hello\.staticdata
(29312) + IGNORE: msbuild xxxxx // INTEREST: cl gcc cc g++ ar link ld xxx xc8 cpp cpstm8 castm8 clnk tricore-gcc tricore-g++ ctoa etoa ecomppc elxr
(29312)(    8)ME: C:\Users\choig\AppData\Roaming\CodeScroll\Compiler\gcc\5.3.0\32bit\bin\gcc.exe
(29312)(    8) + HOME: C:\Users\choig\AppData\Local\Suresofttech\STATIC Toolbox\apps\STATIC Client for C, C++ v1.2.0\
(29312)(    8) + WORKING: C:\Users\choig\OneDrive\문서\hello\.staticdata
(29312) + IGNORE: msbuild xxxxx // INTEREST: cl gcc cc g++ ar link ld xxx xc8 cpp cpstm8 castm8 clnk tricore-gcc tricore-g++ ctoa etoa ecomppc elxr
(29264)(   12)ME: c:\users\choig\appdata\roaming\codescroll\compiler\gcc\5.3.0\32bit\bin\..\libexec\gcc\mingw32\5.3.0\cc1.exe
(29264)(   12) + HOME: C:\Users\choig\AppData\Local\Suresofttech\STATIC Toolbox\apps\STATIC Client for C, C++ v1.2.0\
(29264)(   12) + WORKING: C:\Users\choig\OneDrive\문서\hello\.staticdata
(29264) + IGNORE: msbuild xxxxx // INTEREST: cl gcc cc g++ ar link ld xxx xc8 cpp cpstm8 castm8 clnk tricore-gcc tricore-g++ ctoa etoa ecomppc elxr
(29264)(   12)ME: c:\users\choig\appdata\roaming\codescroll\compiler\gcc\5.3.0\32bit\bin\..\libexec\gcc\mingw32\5.3.0\cc1.exe
(29264)(   12) + HOME: C:\Users\choig\AppData\Local\Suresofttech\STATIC Toolbox\apps\STATIC Client for C, C++ v1.2.0\
(29264)(   12) + WORKING: C:\Users\choig\OneDrive\문서\hello\.staticdata
(29264) + IGNORE: msbuild xxxxx // INTEREST: cl gcc cc g++ ar link ld xxx xc8 cpp cpstm8 castm8 clnk tricore-gcc tricore-g++ ctoa etoa ecomppc elxr
(20312)(   13)ME: c:\users\choig\appdata\roaming\codescroll\compiler\gcc\5.3.0\32bit\bin\..\lib\gcc\mingw32\5.3.0\..\..\..\..\mingw32\bin\as.exe
(20312)(   13) + HOME: C:\Users\choig\AppData\Local\Suresofttech\STATIC Toolbox\apps\STATIC Client for C, C++ v1.2.0\
(20312)(   13) + WORKING: C:\Users\choig\OneDrive\문서\hello\.staticdata
(20312) + IGNORE: msbuild xxxxx // INTEREST: cl gcc cc g++ ar link ld xxx xc8 cpp cpstm8 castm8 clnk tricore-gcc tricore-g++ ctoa etoa ecomppc elxr
(20312)(   13) + Ignored EXENAME: as
(20312)(   13)ME: c:\users\choig\appdata\roaming\codescroll\compiler\gcc\5.3.0\32bit\bin\..\lib\gcc\mingw32\5.3.0\..\..\..\..\mingw32\bin\as.exe
(20312)(   13) + HOME: C:\Users\choig\AppData\Local\Suresofttech\STATIC Toolbox\apps\STATIC Client for C, C++ v1.2.0\
(20312)(   13) + WORKING: C:\Users\choig\OneDrive\문서\hello\.staticdata
(20312) + IGNORE: msbuild xxxxx // INTEREST: cl gcc cc g++ ar link ld xxx xc8 cpp cpstm8 castm8 clnk tricore-gcc tricore-g++ ctoa etoa ecomppc elxr
(29488)(   11)ME: C:\Users\choig\AppData\Roaming\CodeScroll\Compiler\gcc\5.3.0\32bit\bin\gcc.exe
(29488)(   11) + HOME: C:\Users\choig\AppData\Local\Suresofttech\STATIC Toolbox\apps\STATIC Client for C, C++ v1.2.0\
(29488)(   11) + WORKING: C:\Users\choig\OneDrive\문서\hello\.staticdata
(29488) + IGNORE: msbuild xxxxx // INTEREST: cl gcc cc g++ ar link ld xxx xc8 cpp cpstm8 castm8 clnk tricore-gcc tricore-g++ ctoa etoa ecomppc elxr
(29488)(   11)ME: C:\Users\choig\AppData\Roaming\CodeScroll\Compiler\gcc\5.3.0\32bit\bin\gcc.exe
(29488)(   11) + HOME: C:\Users\choig\AppData\Local\Suresofttech\STATIC Toolbox\apps\STATIC Client for C, C++ v1.2.0\
(29488)(   11) + WORKING: C:\Users\choig\OneDrive\문서\hello\.staticdata
(29488) + IGNORE: msbuild xxxxx // INTEREST: cl gcc cc g++ ar link ld xxx xc8 cpp cpstm8 castm8 clnk tricore-gcc tricore-g++ ctoa etoa ecomppc elxr
(27312)(   15)ME: c:\users\choig\appdata\roaming\codescroll\compiler\gcc\5.3.0\32bit\bin\..\libexec\gcc\mingw32\5.3.0\cc1.exe
(27312)(   15) + HOME: C:\Users\choig\AppData\Local\Suresofttech\STATIC Toolbox\apps\STATIC Client for C, C++ v1.2.0\
(27312)(   15) + WORKING: C:\Users\choig\OneDrive\문서\hello\.staticdata
(27312) + IGNORE: msbuild xxxxx // INTEREST: cl gcc cc g++ ar link ld xxx xc8 cpp cpstm8 castm8 clnk tricore-gcc tricore-g++ ctoa etoa ecomppc elxr
(27312)(   15)ME: c:\users\choig\appdata\roaming\codescroll\compiler\gcc\5.3.0\32bit\bin\..\libexec\gcc\mingw32\5.3.0\cc1.exe
(27312)(   15) + HOME: C:\Users\choig\AppData\Local\Suresofttech\STATIC Toolbox\apps\STATIC Client for C, C++ v1.2.0\
(27312)(   15) + WORKING: C:\Users\choig\OneDrive\문서\hello\.staticdata
(27312) + IGNORE: msbuild xxxxx // INTEREST: cl gcc cc g++ ar link ld xxx xc8 cpp cpstm8 castm8 clnk tricore-gcc tricore-g++ ctoa etoa ecomppc elxr
(29672)(   16)ME: c:\users\choig\appdata\roaming\codescroll\compiler\gcc\5.3.0\32bit\bin\..\lib\gcc\mingw32\5.3.0\..\..\..\..\mingw32\bin\as.exe
(29672)(   16) + HOME: C:\Users\choig\AppData\Local\Suresofttech\STATIC Toolbox\apps\STATIC Client for C, C++ v1.2.0\
(29672)(   16) + WORKING: C:\Users\choig\OneDrive\문서\hello\.staticdata
(29672) + IGNORE: msbuild xxxxx // INTEREST: cl gcc cc g++ ar link ld xxx xc8 cpp cpstm8 castm8 clnk tricore-gcc tricore-g++ ctoa etoa ecomppc elxr
(29672)(   16) + Ignored EXENAME: as
(29672)(   16)ME: c:\users\choig\appdata\roaming\codescroll\compiler\gcc\5.3.0\32bit\bin\..\lib\gcc\mingw32\5.3.0\..\..\..\..\mingw32\bin\as.exe
(29672)(   16) + HOME: C:\Users\choig\AppData\Local\Suresofttech\STATIC Toolbox\apps\STATIC Client for C, C++ v1.2.0\
(29672)(   16) + WORKING: C:\Users\choig\OneDrive\문서\hello\.staticdata
(29672) + IGNORE: msbuild xxxxx // INTEREST: cl gcc cc g++ ar link ld xxx xc8 cpp cpstm8 castm8 clnk tricore-gcc tricore-g++ ctoa etoa ecomppc elxr
(26904)(   14)ME: C:\Users\choig\AppData\Roaming\CodeScroll\Compiler\gcc\5.3.0\32bit\bin\gcc.exe
(26904)(   14) + HOME: C:\Users\choig\AppData\Local\Suresofttech\STATIC Toolbox\apps\STATIC Client for C, C++ v1.2.0\
(26904)(   14) + WORKING: C:\Users\choig\OneDrive\문서\hello\.staticdata
(26904) + IGNORE: msbuild xxxxx // INTEREST: cl gcc cc g++ ar link ld xxx xc8 cpp cpstm8 castm8 clnk tricore-gcc tricore-g++ ctoa etoa ecomppc elxr
(26904)(   14)ME: C:\Users\choig\AppData\Roaming\CodeScroll\Compiler\gcc\5.3.0\32bit\bin\gcc.exe
(26904)(   14) + HOME: C:\Users\choig\AppData\Local\Suresofttech\STATIC Toolbox\apps\STATIC Client for C, C++ v1.2.0\
(26904)(   14) + WORKING: C:\Users\choig\OneDrive\문서\hello\.staticdata
(26904) + IGNORE: msbuild xxxxx // INTEREST: cl gcc cc g++ ar link ld xxx xc8 cpp cpstm8 castm8 clnk tricore-gcc tricore-g++ ctoa etoa ecomppc elxr
(19512)(   18)ME: c:\users\choig\appdata\roaming\codescroll\compiler\gcc\5.3.0\32bit\bin\..\libexec\gcc\mingw32\5.3.0\cc1.exe
(19512)(   18) + HOME: C:\Users\choig\AppData\Local\Suresofttech\STATIC Toolbox\apps\STATIC Client for C, C++ v1.2.0\
(19512)(   18) + WORKING: C:\Users\choig\OneDrive\문서\hello\.staticdata
(19512) + IGNORE: msbuild xxxxx // INTEREST: cl gcc cc g++ ar link ld xxx xc8 cpp cpstm8 castm8 clnk tricore-gcc tricore-g++ ctoa etoa ecomppc elxr
(19512)(   18)ME: c:\users\choig\appdata\roaming\codescroll\compiler\gcc\5.3.0\32bit\bin\..\libexec\gcc\mingw32\5.3.0\cc1.exe
(19512)(   18) + HOME: C:\Users\choig\AppData\Local\Suresofttech\STATIC Toolbox\apps\STATIC Client for C, C++ v1.2.0\
(19512)(   18) + WORKING: C:\Users\choig\OneDrive\문서\hello\.staticdata
(19512) + IGNORE: msbuild xxxxx // INTEREST: cl gcc cc g++ ar link ld xxx xc8 cpp cpstm8 castm8 clnk tricore-gcc tricore-g++ ctoa etoa ecomppc elxr
(23028)(   19)ME: c:\users\choig\appdata\roaming\codescroll\compiler\gcc\5.3.0\32bit\bin\..\lib\gcc\mingw32\5.3.0\..\..\..\..\mingw32\bin\as.exe
(23028)(   19) + HOME: C:\Users\choig\AppData\Local\Suresofttech\STATIC Toolbox\apps\STATIC Client for C, C++ v1.2.0\
(23028)(   19) + WORKING: C:\Users\choig\OneDrive\문서\hello\.staticdata
(23028) + IGNORE: msbuild xxxxx // INTEREST: cl gcc cc g++ ar link ld xxx xc8 cpp cpstm8 castm8 clnk tricore-gcc tricore-g++ ctoa etoa ecomppc elxr
(23028)(   19) + Ignored EXENAME: as
(23028)(   19)ME: c:\users\choig\appdata\roaming\codescroll\compiler\gcc\5.3.0\32bit\bin\..\lib\gcc\mingw32\5.3.0\..\..\..\..\mingw32\bin\as.exe
(23028)(   19) + HOME: C:\Users\choig\AppData\Local\Suresofttech\STATIC Toolbox\apps\STATIC Client for C, C++ v1.2.0\
(23028)(   19) + WORKING: C:\Users\choig\OneDrive\문서\hello\.staticdata
(23028) + IGNORE: msbuild xxxxx // INTEREST: cl gcc cc g++ ar link ld xxx xc8 cpp cpstm8 castm8 clnk tricore-gcc tricore-g++ ctoa etoa ecomppc elxr
( 6056)(   17)ME: C:\Users\choig\AppData\Roaming\CodeScroll\Compiler\gcc\5.3.0\32bit\bin\gcc.exe
( 6056)(   17) + HOME: C:\Users\choig\AppData\Local\Suresofttech\STATIC Toolbox\apps\STATIC Client for C, C++ v1.2.0\
( 6056)(   17) + WORKING: C:\Users\choig\OneDrive\문서\hello\.staticdata
( 6056) + IGNORE: msbuild xxxxx // INTEREST: cl gcc cc g++ ar link ld xxx xc8 cpp cpstm8 castm8 clnk tricore-gcc tricore-g++ ctoa etoa ecomppc elxr
( 6056)(   17)ME: C:\Users\choig\AppData\Roaming\CodeScroll\Compiler\gcc\5.3.0\32bit\bin\gcc.exe
( 6056)(   17) + HOME: C:\Users\choig\AppData\Local\Suresofttech\STATIC Toolbox\apps\STATIC Client for C, C++ v1.2.0\
( 6056)(   17) + WORKING: C:\Users\choig\OneDrive\문서\hello\.staticdata
( 6056) + IGNORE: msbuild xxxxx // INTEREST: cl gcc cc g++ ar link ld xxx xc8 cpp cpstm8 castm8 clnk tricore-gcc tricore-g++ ctoa etoa ecomppc elxr
(23604)(   21)ME: c:\users\choig\appdata\roaming\codescroll\compiler\gcc\5.3.0\32bit\bin\..\libexec\gcc\mingw32\5.3.0\cc1.exe
(23604)(   21) + HOME: C:\Users\choig\AppData\Local\Suresofttech\STATIC Toolbox\apps\STATIC Client for C, C++ v1.2.0\
(23604)(   21) + WORKING: C:\Users\choig\OneDrive\문서\hello\.staticdata
(23604) + IGNORE: msbuild xxxxx // INTEREST: cl gcc cc g++ ar link ld xxx xc8 cpp cpstm8 castm8 clnk tricore-gcc tricore-g++ ctoa etoa ecomppc elxr
(23604)(   21)ME: c:\users\choig\appdata\roaming\codescroll\compiler\gcc\5.3.0\32bit\bin\..\libexec\gcc\mingw32\5.3.0\cc1.exe
(23604)(   21) + HOME: C:\Users\choig\AppData\Local\Suresofttech\STATIC Toolbox\apps\STATIC Client for C, C++ v1.2.0\
(23604)(   21) + WORKING: C:\Users\choig\OneDrive\문서\hello\.staticdata
(23604) + IGNORE: msbuild xxxxx // INTEREST: cl gcc cc g++ ar link ld xxx xc8 cpp cpstm8 castm8 clnk tricore-gcc tricore-g++ ctoa etoa ecomppc elxr
(29096)(   22)ME: c:\users\choig\appdata\roaming\codescroll\compiler\gcc\5.3.0\32bit\bin\..\lib\gcc\mingw32\5.3.0\..\..\..\..\mingw32\bin\as.exe
(29096)(   22) + HOME: C:\Users\choig\AppData\Local\Suresofttech\STATIC Toolbox\apps\STATIC Client for C, C++ v1.2.0\
(29096)(   22) + WORKING: C:\Users\choig\OneDrive\문서\hello\.staticdata
(29096) + IGNORE: msbuild xxxxx // INTEREST: cl gcc cc g++ ar link ld xxx xc8 cpp cpstm8 castm8 clnk tricore-gcc tricore-g++ ctoa etoa ecomppc elxr
(29096)(   22) + Ignored EXENAME: as
(29096)(   22)ME: c:\users\choig\appdata\roaming\codescroll\compiler\gcc\5.3.0\32bit\bin\..\lib\gcc\mingw32\5.3.0\..\..\..\..\mingw32\bin\as.exe
(29096)(   22) + HOME: C:\Users\choig\AppData\Local\Suresofttech\STATIC Toolbox\apps\STATIC Client for C, C++ v1.2.0\
(29096)(   22) + WORKING: C:\Users\choig\OneDrive\문서\hello\.staticdata
(29096) + IGNORE: msbuild xxxxx // INTEREST: cl gcc cc g++ ar link ld xxx xc8 cpp cpstm8 castm8 clnk tricore-gcc tricore-g++ ctoa etoa ecomppc elxr
(29580)(   20)ME: C:\Users\choig\AppData\Roaming\CodeScroll\Compiler\gcc\5.3.0\32bit\bin\gcc.exe
(29580)(   20) + HOME: C:\Users\choig\AppData\Local\Suresofttech\STATIC Toolbox\apps\STATIC Client for C, C++ v1.2.0\
(29580)(   20) + WORKING: C:\Users\choig\OneDrive\문서\hello\.staticdata
(29580) + IGNORE: msbuild xxxxx // INTEREST: cl gcc cc g++ ar link ld xxx xc8 cpp cpstm8 castm8 clnk tricore-gcc tricore-g++ ctoa etoa ecomppc elxr
(29580)(   20)ME: C:\Users\choig\AppData\Roaming\CodeScroll\Compiler\gcc\5.3.0\32bit\bin\gcc.exe
(29580)(   20) + HOME: C:\Users\choig\AppData\Local\Suresofttech\STATIC Toolbox\apps\STATIC Client for C, C++ v1.2.0\
(29580)(   20) + WORKING: C:\Users\choig\OneDrive\문서\hello\.staticdata
(29580) + IGNORE: msbuild xxxxx // INTEREST: cl gcc cc g++ ar link ld xxx xc8 cpp cpstm8 castm8 clnk tricore-gcc tricore-g++ ctoa etoa ecomppc elxr
(28100)(   24)ME: c:\users\choig\appdata\roaming\codescroll\compiler\gcc\5.3.0\32bit\bin\..\libexec\gcc\mingw32\5.3.0\cc1.exe
(28100)(   24) + HOME: C:\Users\choig\AppData\Local\Suresofttech\STATIC Toolbox\apps\STATIC Client for C, C++ v1.2.0\
(28100)(   24) + WORKING: C:\Users\choig\OneDrive\문서\hello\.staticdata
(28100) + IGNORE: msbuild xxxxx // INTEREST: cl gcc cc g++ ar link ld xxx xc8 cpp cpstm8 castm8 clnk tricore-gcc tricore-g++ ctoa etoa ecomppc elxr
(28100)(   24)ME: c:\users\choig\appdata\roaming\codescroll\compiler\gcc\5.3.0\32bit\bin\..\libexec\gcc\mingw32\5.3.0\cc1.exe
(28100)(   24) + HOME: C:\Users\choig\AppData\Local\Suresofttech\STATIC Toolbox\apps\STATIC Client for C, C++ v1.2.0\
(28100)(   24) + WORKING: C:\Users\choig\OneDrive\문서\hello\.staticdata
(28100) + IGNORE: msbuild xxxxx // INTEREST: cl gcc cc g++ ar link ld xxx xc8 cpp cpstm8 castm8 clnk tricore-gcc tricore-g++ ctoa etoa ecomppc elxr
(21844)(   25)ME: c:\users\choig\appdata\roaming\codescroll\compiler\gcc\5.3.0\32bit\bin\..\lib\gcc\mingw32\5.3.0\..\..\..\..\mingw32\bin\as.exe
(21844)(   25) + HOME: C:\Users\choig\AppData\Local\Suresofttech\STATIC Toolbox\apps\STATIC Client for C, C++ v1.2.0\
(21844)(   25) + WORKING: C:\Users\choig\OneDrive\문서\hello\.staticdata
(21844) + IGNORE: msbuild xxxxx // INTEREST: cl gcc cc g++ ar link ld xxx xc8 cpp cpstm8 castm8 clnk tricore-gcc tricore-g++ ctoa etoa ecomppc elxr
(21844)(   25) + Ignored EXENAME: as
(21844)(   25)ME: c:\users\choig\appdata\roaming\codescroll\compiler\gcc\5.3.0\32bit\bin\..\lib\gcc\mingw32\5.3.0\..\..\..\..\mingw32\bin\as.exe
(21844)(   25) + HOME: C:\Users\choig\AppData\Local\Suresofttech\STATIC Toolbox\apps\STATIC Client for C, C++ v1.2.0\
(21844)(   25) + WORKING: C:\Users\choig\OneDrive\문서\hello\.staticdata
(21844) + IGNORE: msbuild xxxxx // INTEREST: cl gcc cc g++ ar link ld xxx xc8 cpp cpstm8 castm8 clnk tricore-gcc tricore-g++ ctoa etoa ecomppc elxr
(22112)(   23)ME: C:\Users\choig\AppData\Roaming\CodeScroll\Compiler\gcc\5.3.0\32bit\bin\gcc.exe
(22112)(   23) + HOME: C:\Users\choig\AppData\Local\Suresofttech\STATIC Toolbox\apps\STATIC Client for C, C++ v1.2.0\
(22112)(   23) + WORKING: C:\Users\choig\OneDrive\문서\hello\.staticdata
(22112) + IGNORE: msbuild xxxxx // INTEREST: cl gcc cc g++ ar link ld xxx xc8 cpp cpstm8 castm8 clnk tricore-gcc tricore-g++ ctoa etoa ecomppc elxr
(22112)(   23)ME: C:\Users\choig\AppData\Roaming\CodeScroll\Compiler\gcc\5.3.0\32bit\bin\gcc.exe
(22112)(   23) + HOME: C:\Users\choig\AppData\Local\Suresofttech\STATIC Toolbox\apps\STATIC Client for C, C++ v1.2.0\
(22112)(   23) + WORKING: C:\Users\choig\OneDrive\문서\hello\.staticdata
(22112) + IGNORE: msbuild xxxxx // INTEREST: cl gcc cc g++ ar link ld xxx xc8 cpp cpstm8 castm8 clnk tricore-gcc tricore-g++ ctoa etoa ecomppc elxr
(27148)(   27)ME: c:\users\choig\appdata\roaming\codescroll\compiler\gcc\5.3.0\32bit\bin\..\libexec\gcc\mingw32\5.3.0\cc1.exe
(27148)(   27) + HOME: C:\Users\choig\AppData\Local\Suresofttech\STATIC Toolbox\apps\STATIC Client for C, C++ v1.2.0\
(27148)(   27) + WORKING: C:\Users\choig\OneDrive\문서\hello\.staticdata
(27148) + IGNORE: msbuild xxxxx // INTEREST: cl gcc cc g++ ar link ld xxx xc8 cpp cpstm8 castm8 clnk tricore-gcc tricore-g++ ctoa etoa ecomppc elxr
(27148)(   27)ME: c:\users\choig\appdata\roaming\codescroll\compiler\gcc\5.3.0\32bit\bin\..\libexec\gcc\mingw32\5.3.0\cc1.exe
(27148)(   27) + HOME: C:\Users\choig\AppData\Local\Suresofttech\STATIC Toolbox\apps\STATIC Client for C, C++ v1.2.0\
(27148)(   27) + WORKING: C:\Users\choig\OneDrive\문서\hello\.staticdata
(27148) + IGNORE: msbuild xxxxx // INTEREST: cl gcc cc g++ ar link ld xxx xc8 cpp cpstm8 castm8 clnk tricore-gcc tricore-g++ ctoa etoa ecomppc elxr
(24780)(   28)ME: c:\users\choig\appdata\roaming\codescroll\compiler\gcc\5.3.0\32bit\bin\..\lib\gcc\mingw32\5.3.0\..\..\..\..\mingw32\bin\as.exe
(24780)(   28) + HOME: C:\Users\choig\AppData\Local\Suresofttech\STATIC Toolbox\apps\STATIC Client for C, C++ v1.2.0\
(24780)(   28) + WORKING: C:\Users\choig\OneDrive\문서\hello\.staticdata
(24780) + IGNORE: msbuild xxxxx // INTEREST: cl gcc cc g++ ar link ld xxx xc8 cpp cpstm8 castm8 clnk tricore-gcc tricore-g++ ctoa etoa ecomppc elxr
(24780)(   28) + Ignored EXENAME: as
(24780)(   28)ME: c:\users\choig\appdata\roaming\codescroll\compiler\gcc\5.3.0\32bit\bin\..\lib\gcc\mingw32\5.3.0\..\..\..\..\mingw32\bin\as.exe
(24780)(   28) + HOME: C:\Users\choig\AppData\Local\Suresofttech\STATIC Toolbox\apps\STATIC Client for C, C++ v1.2.0\
(24780)(   28) + WORKING: C:\Users\choig\OneDrive\문서\hello\.staticdata
(24780) + IGNORE: msbuild xxxxx // INTEREST: cl gcc cc g++ ar link ld xxx xc8 cpp cpstm8 castm8 clnk tricore-gcc tricore-g++ ctoa etoa ecomppc elxr
(11612)(   26)ME: C:\Users\choig\AppData\Roaming\CodeScroll\Compiler\gcc\5.3.0\32bit\bin\gcc.exe
(11612)(   26) + HOME: C:\Users\choig\AppData\Local\Suresofttech\STATIC Toolbox\apps\STATIC Client for C, C++ v1.2.0\
(11612)(   26) + WORKING: C:\Users\choig\OneDrive\문서\hello\.staticdata
(11612) + IGNORE: msbuild xxxxx // INTEREST: cl gcc cc g++ ar link ld xxx xc8 cpp cpstm8 castm8 clnk tricore-gcc tricore-g++ ctoa etoa ecomppc elxr
(11612)(   26)ME: C:\Users\choig\AppData\Roaming\CodeScroll\Compiler\gcc\5.3.0\32bit\bin\gcc.exe
(11612)(   26) + HOME: C:\Users\choig\AppData\Local\Suresofttech\STATIC Toolbox\apps\STATIC Client for C, C++ v1.2.0\
(11612)(   26) + WORKING: C:\Users\choig\OneDrive\문서\hello\.staticdata
(11612) + IGNORE: msbuild xxxxx // INTEREST: cl gcc cc g++ ar link ld xxx xc8 cpp cpstm8 castm8 clnk tricore-gcc tricore-g++ ctoa etoa ecomppc elxr
(27852)(   30)ME: c:\users\choig\appdata\roaming\codescroll\compiler\gcc\5.3.0\32bit\bin\..\libexec\gcc\mingw32\5.3.0\cc1.exe
(27852)(   30) + HOME: C:\Users\choig\AppData\Local\Suresofttech\STATIC Toolbox\apps\STATIC Client for C, C++ v1.2.0\
(27852)(   30) + WORKING: C:\Users\choig\OneDrive\문서\hello\.staticdata
(27852) + IGNORE: msbuild xxxxx // INTEREST: cl gcc cc g++ ar link ld xxx xc8 cpp cpstm8 castm8 clnk tricore-gcc tricore-g++ ctoa etoa ecomppc elxr
(27852)(   30)ME: c:\users\choig\appdata\roaming\codescroll\compiler\gcc\5.3.0\32bit\bin\..\libexec\gcc\mingw32\5.3.0\cc1.exe
(27852)(   30) + HOME: C:\Users\choig\AppData\Local\Suresofttech\STATIC Toolbox\apps\STATIC Client for C, C++ v1.2.0\
(27852)(   30) + WORKING: C:\Users\choig\OneDrive\문서\hello\.staticdata
(27852) + IGNORE: msbuild xxxxx // INTEREST: cl gcc cc g++ ar link ld xxx xc8 cpp cpstm8 castm8 clnk tricore-gcc tricore-g++ ctoa etoa ecomppc elxr
(24556)(   31)ME: c:\users\choig\appdata\roaming\codescroll\compiler\gcc\5.3.0\32bit\bin\..\lib\gcc\mingw32\5.3.0\..\..\..\..\mingw32\bin\as.exe
(24556)(   31) + HOME: C:\Users\choig\AppData\Local\Suresofttech\STATIC Toolbox\apps\STATIC Client for C, C++ v1.2.0\
(24556)(   31) + WORKING: C:\Users\choig\OneDrive\문서\hello\.staticdata
(24556) + IGNORE: msbuild xxxxx // INTEREST: cl gcc cc g++ ar link ld xxx xc8 cpp cpstm8 castm8 clnk tricore-gcc tricore-g++ ctoa etoa ecomppc elxr
(24556)(   31) + Ignored EXENAME: as
(24556)(   31)ME: c:\users\choig\appdata\roaming\codescroll\compiler\gcc\5.3.0\32bit\bin\..\lib\gcc\mingw32\5.3.0\..\..\..\..\mingw32\bin\as.exe
(24556)(   31) + HOME: C:\Users\choig\AppData\Local\Suresofttech\STATIC Toolbox\apps\STATIC Client for C, C++ v1.2.0\
(24556)(   31) + WORKING: C:\Users\choig\OneDrive\문서\hello\.staticdata
(24556) + IGNORE: msbuild xxxxx // INTEREST: cl gcc cc g++ ar link ld xxx xc8 cpp cpstm8 castm8 clnk tricore-gcc tricore-g++ ctoa etoa ecomppc elxr
(27716)(   29)ME: C:\Users\choig\AppData\Roaming\CodeScroll\Compiler\gcc\5.3.0\32bit\bin\gcc.exe
(27716)(   29) + HOME: C:\Users\choig\AppData\Local\Suresofttech\STATIC Toolbox\apps\STATIC Client for C, C++ v1.2.0\
(27716)(   29) + WORKING: C:\Users\choig\OneDrive\문서\hello\.staticdata
(27716) + IGNORE: msbuild xxxxx // INTEREST: cl gcc cc g++ ar link ld xxx xc8 cpp cpstm8 castm8 clnk tricore-gcc tricore-g++ ctoa etoa ecomppc elxr
(27716)(   29)ME: C:\Users\choig\AppData\Roaming\CodeScroll\Compiler\gcc\5.3.0\32bit\bin\gcc.exe
(27716)(   29) + HOME: C:\Users\choig\AppData\Local\Suresofttech\STATIC Toolbox\apps\STATIC Client for C, C++ v1.2.0\
(27716)(   29) + WORKING: C:\Users\choig\OneDrive\문서\hello\.staticdata
(27716) + IGNORE: msbuild xxxxx // INTEREST: cl gcc cc g++ ar link ld xxx xc8 cpp cpstm8 castm8 clnk tricore-gcc tricore-g++ ctoa etoa ecomppc elxr
(26828)(   33)ME: c:\users\choig\appdata\roaming\codescroll\compiler\gcc\5.3.0\32bit\bin\..\libexec\gcc\mingw32\5.3.0\cc1.exe
(26828)(   33) + HOME: C:\Users\choig\AppData\Local\Suresofttech\STATIC Toolbox\apps\STATIC Client for C, C++ v1.2.0\
(26828)(   33) + WORKING: C:\Users\choig\OneDrive\문서\hello\.staticdata
(26828) + IGNORE: msbuild xxxxx // INTEREST: cl gcc cc g++ ar link ld xxx xc8 cpp cpstm8 castm8 clnk tricore-gcc tricore-g++ ctoa etoa ecomppc elxr
(26828)(   33)ME: c:\users\choig\appdata\roaming\codescroll\compiler\gcc\5.3.0\32bit\bin\..\libexec\gcc\mingw32\5.3.0\cc1.exe
(26828)(   33) + HOME: C:\Users\choig\AppData\Local\Suresofttech\STATIC Toolbox\apps\STATIC Client for C, C++ v1.2.0\
(26828)(   33) + WORKING: C:\Users\choig\OneDrive\문서\hello\.staticdata
(26828) + IGNORE: msbuild xxxxx // INTEREST: cl gcc cc g++ ar link ld xxx xc8 cpp cpstm8 castm8 clnk tricore-gcc tricore-g++ ctoa etoa ecomppc elxr
(20276)(   34)ME: c:\users\choig\appdata\roaming\codescroll\compiler\gcc\5.3.0\32bit\bin\..\lib\gcc\mingw32\5.3.0\..\..\..\..\mingw32\bin\as.exe
(20276)(   34) + HOME: C:\Users\choig\AppData\Local\Suresofttech\STATIC Toolbox\apps\STATIC Client for C, C++ v1.2.0\
(20276)(   34) + WORKING: C:\Users\choig\OneDrive\문서\hello\.staticdata
(20276) + IGNORE: msbuild xxxxx // INTEREST: cl gcc cc g++ ar link ld xxx xc8 cpp cpstm8 castm8 clnk tricore-gcc tricore-g++ ctoa etoa ecomppc elxr
(20276)(   34) + Ignored EXENAME: as
(20276)(   34)ME: c:\users\choig\appdata\roaming\codescroll\compiler\gcc\5.3.0\32bit\bin\..\lib\gcc\mingw32\5.3.0\..\..\..\..\mingw32\bin\as.exe
(20276)(   34) + HOME: C:\Users\choig\AppData\Local\Suresofttech\STATIC Toolbox\apps\STATIC Client for C, C++ v1.2.0\
(20276)(   34) + WORKING: C:\Users\choig\OneDrive\문서\hello\.staticdata
(20276) + IGNORE: msbuild xxxxx // INTEREST: cl gcc cc g++ ar link ld xxx xc8 cpp cpstm8 castm8 clnk tricore-gcc tricore-g++ ctoa etoa ecomppc elxr
(23036)(   32)ME: C:\Users\choig\AppData\Roaming\CodeScroll\Compiler\gcc\5.3.0\32bit\bin\gcc.exe
(23036)(   32) + HOME: C:\Users\choig\AppData\Local\Suresofttech\STATIC Toolbox\apps\STATIC Client for C, C++ v1.2.0\
(23036)(   32) + WORKING: C:\Users\choig\OneDrive\문서\hello\.staticdata
(23036) + IGNORE: msbuild xxxxx // INTEREST: cl gcc cc g++ ar link ld xxx xc8 cpp cpstm8 castm8 clnk tricore-gcc tricore-g++ ctoa etoa ecomppc elxr
(23036)(   32)ME: C:\Users\choig\AppData\Roaming\CodeScroll\Compiler\gcc\5.3.0\32bit\bin\gcc.exe
(23036)(   32) + HOME: C:\Users\choig\AppData\Local\Suresofttech\STATIC Toolbox\apps\STATIC Client for C, C++ v1.2.0\
(23036)(   32) + WORKING: C:\Users\choig\OneDrive\문서\hello\.staticdata
(23036) + IGNORE: msbuild xxxxx // INTEREST: cl gcc cc g++ ar link ld xxx xc8 cpp cpstm8 castm8 clnk tricore-gcc tricore-g++ ctoa etoa ecomppc elxr
(10988)(   36)ME: c:\users\choig\appdata\roaming\codescroll\compiler\gcc\5.3.0\32bit\bin\..\libexec\gcc\mingw32\5.3.0\cc1.exe
(10988)(   36) + HOME: C:\Users\choig\AppData\Local\Suresofttech\STATIC Toolbox\apps\STATIC Client for C, C++ v1.2.0\
(10988)(   36) + WORKING: C:\Users\choig\OneDrive\문서\hello\.staticdata
(10988) + IGNORE: msbuild xxxxx // INTEREST: cl gcc cc g++ ar link ld xxx xc8 cpp cpstm8 castm8 clnk tricore-gcc tricore-g++ ctoa etoa ecomppc elxr
(10988)(   36)ME: c:\users\choig\appdata\roaming\codescroll\compiler\gcc\5.3.0\32bit\bin\..\libexec\gcc\mingw32\5.3.0\cc1.exe
(10988)(   36) + HOME: C:\Users\choig\AppData\Local\Suresofttech\STATIC Toolbox\apps\STATIC Client for C, C++ v1.2.0\
(10988)(   36) + WORKING: C:\Users\choig\OneDrive\문서\hello\.staticdata
(10988) + IGNORE: msbuild xxxxx // INTEREST: cl gcc cc g++ ar link ld xxx xc8 cpp cpstm8 castm8 clnk tricore-gcc tricore-g++ ctoa etoa ecomppc elxr
(22008)(   37)ME: c:\users\choig\appdata\roaming\codescroll\compiler\gcc\5.3.0\32bit\bin\..\lib\gcc\mingw32\5.3.0\..\..\..\..\mingw32\bin\as.exe
(22008)(   37) + HOME: C:\Users\choig\AppData\Local\Suresofttech\STATIC Toolbox\apps\STATIC Client for C, C++ v1.2.0\
(22008)(   37) + WORKING: C:\Users\choig\OneDrive\문서\hello\.staticdata
(22008) + IGNORE: msbuild xxxxx // INTEREST: cl gcc cc g++ ar link ld xxx xc8 cpp cpstm8 castm8 clnk tricore-gcc tricore-g++ ctoa etoa ecomppc elxr
(22008)(   37) + Ignored EXENAME: as
(22008)(   37)ME: c:\users\choig\appdata\roaming\codescroll\compiler\gcc\5.3.0\32bit\bin\..\lib\gcc\mingw32\5.3.0\..\..\..\..\mingw32\bin\as.exe
(22008)(   37) + HOME: C:\Users\choig\AppData\Local\Suresofttech\STATIC Toolbox\apps\STATIC Client for C, C++ v1.2.0\
(22008)(   37) + WORKING: C:\Users\choig\OneDrive\문서\hello\.staticdata
(22008) + IGNORE: msbuild xxxxx // INTEREST: cl gcc cc g++ ar link ld xxx xc8 cpp cpstm8 castm8 clnk tricore-gcc tricore-g++ ctoa etoa ecomppc elxr
(25080)(   35)ME: C:\Users\choig\AppData\Roaming\CodeScroll\Compiler\gcc\5.3.0\32bit\bin\gcc.exe
(25080)(   35) + HOME: C:\Users\choig\AppData\Local\Suresofttech\STATIC Toolbox\apps\STATIC Client for C, C++ v1.2.0\
(25080)(   35) + WORKING: C:\Users\choig\OneDrive\문서\hello\.staticdata
(25080) + IGNORE: msbuild xxxxx // INTEREST: cl gcc cc g++ ar link ld xxx xc8 cpp cpstm8 castm8 clnk tricore-gcc tricore-g++ ctoa etoa ecomppc elxr
(25080)(   35)ME: C:\Users\choig\AppData\Roaming\CodeScroll\Compiler\gcc\5.3.0\32bit\bin\gcc.exe
(25080)(   35) + HOME: C:\Users\choig\AppData\Local\Suresofttech\STATIC Toolbox\apps\STATIC Client for C, C++ v1.2.0\
(25080)(   35) + WORKING: C:\Users\choig\OneDrive\문서\hello\.staticdata
(25080) + IGNORE: msbuild xxxxx // INTEREST: cl gcc cc g++ ar link ld xxx xc8 cpp cpstm8 castm8 clnk tricore-gcc tricore-g++ ctoa etoa ecomppc elxr
(26940)(   39)ME: c:\users\choig\appdata\roaming\codescroll\compiler\gcc\5.3.0\32bit\bin\..\libexec\gcc\mingw32\5.3.0\cc1.exe
(26940)(   39) + HOME: C:\Users\choig\AppData\Local\Suresofttech\STATIC Toolbox\apps\STATIC Client for C, C++ v1.2.0\
(26940)(   39) + WORKING: C:\Users\choig\OneDrive\문서\hello\.staticdata
(26940) + IGNORE: msbuild xxxxx // INTEREST: cl gcc cc g++ ar link ld xxx xc8 cpp cpstm8 castm8 clnk tricore-gcc tricore-g++ ctoa etoa ecomppc elxr
(26940)(   39)ME: c:\users\choig\appdata\roaming\codescroll\compiler\gcc\5.3.0\32bit\bin\..\libexec\gcc\mingw32\5.3.0\cc1.exe
(26940)(   39) + HOME: C:\Users\choig\AppData\Local\Suresofttech\STATIC Toolbox\apps\STATIC Client for C, C++ v1.2.0\
(26940)(   39) + WORKING: C:\Users\choig\OneDrive\문서\hello\.staticdata
(26940) + IGNORE: msbuild xxxxx // INTEREST: cl gcc cc g++ ar link ld xxx xc8 cpp cpstm8 castm8 clnk tricore-gcc tricore-g++ ctoa etoa ecomppc elxr
(21336)(   40)ME: c:\users\choig\appdata\roaming\codescroll\compiler\gcc\5.3.0\32bit\bin\..\lib\gcc\mingw32\5.3.0\..\..\..\..\mingw32\bin\as.exe
(21336)(   40) + HOME: C:\Users\choig\AppData\Local\Suresofttech\STATIC Toolbox\apps\STATIC Client for C, C++ v1.2.0\
(21336)(   40) + WORKING: C:\Users\choig\OneDrive\문서\hello\.staticdata
(21336) + IGNORE: msbuild xxxxx // INTEREST: cl gcc cc g++ ar link ld xxx xc8 cpp cpstm8 castm8 clnk tricore-gcc tricore-g++ ctoa etoa ecomppc elxr
(21336)(   40) + Ignored EXENAME: as
(21336)(   40)ME: c:\users\choig\appdata\roaming\codescroll\compiler\gcc\5.3.0\32bit\bin\..\lib\gcc\mingw32\5.3.0\..\..\..\..\mingw32\bin\as.exe
(21336)(   40) + HOME: C:\Users\choig\AppData\Local\Suresofttech\STATIC Toolbox\apps\STATIC Client for C, C++ v1.2.0\
(21336)(   40) + WORKING: C:\Users\choig\OneDrive\문서\hello\.staticdata
(21336) + IGNORE: msbuild xxxxx // INTEREST: cl gcc cc g++ ar link ld xxx xc8 cpp cpstm8 castm8 clnk tricore-gcc tricore-g++ ctoa etoa ecomppc elxr
(13152)(   38)ME: C:\Users\choig\AppData\Roaming\CodeScroll\Compiler\gcc\5.3.0\32bit\bin\gcc.exe
(13152)(   38) + HOME: C:\Users\choig\AppData\Local\Suresofttech\STATIC Toolbox\apps\STATIC Client for C, C++ v1.2.0\
(13152)(   38) + WORKING: C:\Users\choig\OneDrive\문서\hello\.staticdata
(13152) + IGNORE: msbuild xxxxx // INTEREST: cl gcc cc g++ ar link ld xxx xc8 cpp cpstm8 castm8 clnk tricore-gcc tricore-g++ ctoa etoa ecomppc elxr
(13152)(   38)ME: C:\Users\choig\AppData\Roaming\CodeScroll\Compiler\gcc\5.3.0\32bit\bin\gcc.exe
(13152)(   38) + HOME: C:\Users\choig\AppData\Local\Suresofttech\STATIC Toolbox\apps\STATIC Client for C, C++ v1.2.0\
(13152)(   38) + WORKING: C:\Users\choig\OneDrive\문서\hello\.staticdata
(13152) + IGNORE: msbuild xxxxx // INTEREST: cl gcc cc g++ ar link ld xxx xc8 cpp cpstm8 castm8 clnk tricore-gcc tricore-g++ ctoa etoa ecomppc elxr
(20528)(   42)ME: c:\users\choig\appdata\roaming\codescroll\compiler\gcc\5.3.0\32bit\bin\..\libexec\gcc\mingw32\5.3.0\cc1.exe
(20528)(   42) + HOME: C:\Users\choig\AppData\Local\Suresofttech\STATIC Toolbox\apps\STATIC Client for C, C++ v1.2.0\
(20528)(   42) + WORKING: C:\Users\choig\OneDrive\문서\hello\.staticdata
(20528) + IGNORE: msbuild xxxxx // INTEREST: cl gcc cc g++ ar link ld xxx xc8 cpp cpstm8 castm8 clnk tricore-gcc tricore-g++ ctoa etoa ecomppc elxr
(20528)(   42)ME: c:\users\choig\appdata\roaming\codescroll\compiler\gcc\5.3.0\32bit\bin\..\libexec\gcc\mingw32\5.3.0\cc1.exe
(20528)(   42) + HOME: C:\Users\choig\AppData\Local\Suresofttech\STATIC Toolbox\apps\STATIC Client for C, C++ v1.2.0\
(20528)(   42) + WORKING: C:\Users\choig\OneDrive\문서\hello\.staticdata
(20528) + IGNORE: msbuild xxxxx // INTEREST: cl gcc cc g++ ar link ld xxx xc8 cpp cpstm8 castm8 clnk tricore-gcc tricore-g++ ctoa etoa ecomppc elxr
(25332)(   43)ME: c:\users\choig\appdata\roaming\codescroll\compiler\gcc\5.3.0\32bit\bin\..\lib\gcc\mingw32\5.3.0\..\..\..\..\mingw32\bin\as.exe
(25332)(   43) + HOME: C:\Users\choig\AppData\Local\Suresofttech\STATIC Toolbox\apps\STATIC Client for C, C++ v1.2.0\
(25332)(   43) + WORKING: C:\Users\choig\OneDrive\문서\hello\.staticdata
(25332) + IGNORE: msbuild xxxxx // INTEREST: cl gcc cc g++ ar link ld xxx xc8 cpp cpstm8 castm8 clnk tricore-gcc tricore-g++ ctoa etoa ecomppc elxr
(25332)(   43) + Ignored EXENAME: as
(25332)(   43)ME: c:\users\choig\appdata\roaming\codescroll\compiler\gcc\5.3.0\32bit\bin\..\lib\gcc\mingw32\5.3.0\..\..\..\..\mingw32\bin\as.exe
(25332)(   43) + HOME: C:\Users\choig\AppData\Local\Suresofttech\STATIC Toolbox\apps\STATIC Client for C, C++ v1.2.0\
(25332)(   43) + WORKING: C:\Users\choig\OneDrive\문서\hello\.staticdata
(25332) + IGNORE: msbuild xxxxx // INTEREST: cl gcc cc g++ ar link ld xxx xc8 cpp cpstm8 castm8 clnk tricore-gcc tricore-g++ ctoa etoa ecomppc elxr
(20336)(   41)ME: C:\Users\choig\AppData\Roaming\CodeScroll\Compiler\gcc\5.3.0\32bit\bin\gcc.exe
(20336)(   41) + HOME: C:\Users\choig\AppData\Local\Suresofttech\STATIC Toolbox\apps\STATIC Client for C, C++ v1.2.0\
(20336)(   41) + WORKING: C:\Users\choig\OneDrive\문서\hello\.staticdata
(20336) + IGNORE: msbuild xxxxx // INTEREST: cl gcc cc g++ ar link ld xxx xc8 cpp cpstm8 castm8 clnk tricore-gcc tricore-g++ ctoa etoa ecomppc elxr
(20336)(   41)ME: C:\Users\choig\AppData\Roaming\CodeScroll\Compiler\gcc\5.3.0\32bit\bin\gcc.exe
(20336)(   41) + HOME: C:\Users\choig\AppData\Local\Suresofttech\STATIC Toolbox\apps\STATIC Client for C, C++ v1.2.0\
(20336)(   41) + WORKING: C:\Users\choig\OneDrive\문서\hello\.staticdata
(20336) + IGNORE: msbuild xxxxx // INTEREST: cl gcc cc g++ ar link ld xxx xc8 cpp cpstm8 castm8 clnk tricore-gcc tricore-g++ ctoa etoa ecomppc elxr
(29172)(   44)ME: C:\Users\choig\AppData\Roaming\CodeScroll\Compiler\gcc\5.3.0\32bit\bin\ar.exe
(29172)(   44) + HOME: C:\Users\choig\AppData\Local\Suresofttech\STATIC Toolbox\apps\STATIC Client for C, C++ v1.2.0\
(29172)(   44) + WORKING: C:\Users\choig\OneDrive\문서\hello\.staticdata
(29172) + IGNORE: msbuild xxxxx // INTEREST: cl gcc cc g++ ar link ld xxx xc8 cpp cpstm8 castm8 clnk tricore-gcc tricore-g++ ctoa etoa ecomppc elxr
(29172)(   44)ME: C:\Users\choig\AppData\Roaming\CodeScroll\Compiler\gcc\5.3.0\32bit\bin\ar.exe
(29172)(   44) + HOME: C:\Users\choig\AppData\Local\Suresofttech\STATIC Toolbox\apps\STATIC Client for C, C++ v1.2.0\
(29172)(   44) + WORKING: C:\Users\choig\OneDrive\문서\hello\.staticdata
(29172) + IGNORE: msbuild xxxxx // INTEREST: cl gcc cc g++ ar link ld xxx xc8 cpp cpstm8 castm8 clnk tricore-gcc tricore-g++ ctoa etoa ecomppc elxr
(18520)(   46)ME: c:\users\choig\appdata\roaming\codescroll\compiler\gcc\5.3.0\32bit\bin\..\libexec\gcc\mingw32\5.3.0\collect2.exe
(18520)(   46) + HOME: C:\Users\choig\AppData\Local\Suresofttech\STATIC Toolbox\apps\STATIC Client for C, C++ v1.2.0\
(18520)(   46) + WORKING: C:\Users\choig\OneDrive\문서\hello\.staticdata
(18520) + IGNORE: msbuild xxxxx // INTEREST: cl gcc cc g++ ar link ld xxx xc8 cpp cpstm8 castm8 clnk tricore-gcc tricore-g++ ctoa etoa ecomppc elxr
(18520)(   46) + Ignored EXENAME: collect2
(27152)(   47)ME: c:\users\choig\appdata\roaming\codescroll\compiler\gcc\5.3.0\32bit\bin\..\lib\gcc\mingw32\5.3.0\..\..\..\..\mingw32\bin\ld.exe
(27152)(   47) + HOME: C:\Users\choig\AppData\Local\Suresofttech\STATIC Toolbox\apps\STATIC Client for C, C++ v1.2.0\
(27152)(   47) + WORKING: C:\Users\choig\OneDrive\문서\hello\.staticdata
(27152) + IGNORE: msbuild xxxxx // INTEREST: cl gcc cc g++ ar link ld xxx xc8 cpp cpstm8 castm8 clnk tricore-gcc tricore-g++ ctoa etoa ecomppc elxr
(27152)(   47)ME: c:\users\choig\appdata\roaming\codescroll\compiler\gcc\5.3.0\32bit\bin\..\lib\gcc\mingw32\5.3.0\..\..\..\..\mingw32\bin\ld.exe
(27152)(   47) + HOME: C:\Users\choig\AppData\Local\Suresofttech\STATIC Toolbox\apps\STATIC Client for C, C++ v1.2.0\
(27152)(   47) + WORKING: C:\Users\choig\OneDrive\문서\hello\.staticdata
(27152) + IGNORE: msbuild xxxxx // INTEREST: cl gcc cc g++ ar link ld xxx xc8 cpp cpstm8 castm8 clnk tricore-gcc tricore-g++ ctoa etoa ecomppc elxr
(18520)(   46)ME: c:\users\choig\appdata\roaming\codescroll\compiler\gcc\5.3.0\32bit\bin\..\libexec\gcc\mingw32\5.3.0\collect2.exe
(18520)(   46) + HOME: C:\Users\choig\AppData\Local\Suresofttech\STATIC Toolbox\apps\STATIC Client for C, C++ v1.2.0\
(18520)(   46) + WORKING: C:\Users\choig\OneDrive\문서\hello\.staticdata
(18520) + IGNORE: msbuild xxxxx // INTEREST: cl gcc cc g++ ar link ld xxx xc8 cpp cpstm8 castm8 clnk tricore-gcc tricore-g++ ctoa etoa ecomppc elxr
(17200)(   45)ME: C:\Users\choig\AppData\Roaming\CodeScroll\Compiler\gcc\5.3.0\32bit\bin\gcc.exe
(17200)(   45) + HOME: C:\Users\choig\AppData\Local\Suresofttech\STATIC Toolbox\apps\STATIC Client for C, C++ v1.2.0\
(17200)(   45) + WORKING: C:\Users\choig\OneDrive\문서\hello\.staticdata
(17200) + IGNORE: msbuild xxxxx // INTEREST: cl gcc cc g++ ar link ld xxx xc8 cpp cpstm8 castm8 clnk tricore-gcc tricore-g++ ctoa etoa ecomppc elxr
(17200)(   45)ME: C:\Users\choig\AppData\Roaming\CodeScroll\Compiler\gcc\5.3.0\32bit\bin\gcc.exe
(17200)(   45) + HOME: C:\Users\choig\AppData\Local\Suresofttech\STATIC Toolbox\apps\STATIC Client for C, C++ v1.2.0\
(17200)(   45) + WORKING: C:\Users\choig\OneDrive\문서\hello\.staticdata
(17200) + IGNORE: msbuild xxxxx // INTEREST: cl gcc cc g++ ar link ld xxx xc8 cpp cpstm8 castm8 clnk tricore-gcc tricore-g++ ctoa etoa ecomppc elxr
( 8236)(   49)ME: c:\users\choig\appdata\roaming\codescroll\compiler\gcc\5.3.0\32bit\bin\..\libexec\gcc\mingw32\5.3.0\cc1.exe
( 8236)(   49) + HOME: C:\Users\choig\AppData\Local\Suresofttech\STATIC Toolbox\apps\STATIC Client for C, C++ v1.2.0\
( 8236)(   49) + WORKING: C:\Users\choig\OneDrive\문서\hello\.staticdata
( 8236) + IGNORE: msbuild xxxxx // INTEREST: cl gcc cc g++ ar link ld xxx xc8 cpp cpstm8 castm8 clnk tricore-gcc tricore-g++ ctoa etoa ecomppc elxr
( 8236)(   49)ME: c:\users\choig\appdata\roaming\codescroll\compiler\gcc\5.3.0\32bit\bin\..\libexec\gcc\mingw32\5.3.0\cc1.exe
( 8236)(   49) + HOME: C:\Users\choig\AppData\Local\Suresofttech\STATIC Toolbox\apps\STATIC Client for C, C++ v1.2.0\
( 8236)(   49) + WORKING: C:\Users\choig\OneDrive\문서\hello\.staticdata
( 8236) + IGNORE: msbuild xxxxx // INTEREST: cl gcc cc g++ ar link ld xxx xc8 cpp cpstm8 castm8 clnk tricore-gcc tricore-g++ ctoa etoa ecomppc elxr
(28204)(   50)ME: c:\users\choig\appdata\roaming\codescroll\compiler\gcc\5.3.0\32bit\bin\..\lib\gcc\mingw32\5.3.0\..\..\..\..\mingw32\bin\as.exe
(28204)(   50) + HOME: C:\Users\choig\AppData\Local\Suresofttech\STATIC Toolbox\apps\STATIC Client for C, C++ v1.2.0\
(28204)(   50) + WORKING: C:\Users\choig\OneDrive\문서\hello\.staticdata
(28204) + IGNORE: msbuild xxxxx // INTEREST: cl gcc cc g++ ar link ld xxx xc8 cpp cpstm8 castm8 clnk tricore-gcc tricore-g++ ctoa etoa ecomppc elxr
(28204)(   50) + Ignored EXENAME: as
(28204)(   50)ME: c:\users\choig\appdata\roaming\codescroll\compiler\gcc\5.3.0\32bit\bin\..\lib\gcc\mingw32\5.3.0\..\..\..\..\mingw32\bin\as.exe
(28204)(   50) + HOME: C:\Users\choig\AppData\Local\Suresofttech\STATIC Toolbox\apps\STATIC Client for C, C++ v1.2.0\
(28204)(   50) + WORKING: C:\Users\choig\OneDrive\문서\hello\.staticdata
(28204) + IGNORE: msbuild xxxxx // INTEREST: cl gcc cc g++ ar link ld xxx xc8 cpp cpstm8 castm8 clnk tricore-gcc tricore-g++ ctoa etoa ecomppc elxr
(24760)(   48)ME: C:\Users\choig\AppData\Roaming\CodeScroll\Compiler\gcc\5.3.0\32bit\bin\gcc.exe
(24760)(   48) + HOME: C:\Users\choig\AppData\Local\Suresofttech\STATIC Toolbox\apps\STATIC Client for C, C++ v1.2.0\
(24760)(   48) + WORKING: C:\Users\choig\OneDrive\문서\hello\.staticdata
(24760) + IGNORE: msbuild xxxxx // INTEREST: cl gcc cc g++ ar link ld xxx xc8 cpp cpstm8 castm8 clnk tricore-gcc tricore-g++ ctoa etoa ecomppc elxr
(24760)(   48)ME: C:\Users\choig\AppData\Roaming\CodeScroll\Compiler\gcc\5.3.0\32bit\bin\gcc.exe
(24760)(   48) + HOME: C:\Users\choig\AppData\Local\Suresofttech\STATIC Toolbox\apps\STATIC Client for C, C++ v1.2.0\
(24760)(   48) + WORKING: C:\Users\choig\OneDrive\문서\hello\.staticdata
(24760) + IGNORE: msbuild xxxxx // INTEREST: cl gcc cc g++ ar link ld xxx xc8 cpp cpstm8 castm8 clnk tricore-gcc tricore-g++ ctoa etoa ecomppc elxr
(19620)(   52)ME: c:\users\choig\appdata\roaming\codescroll\compiler\gcc\5.3.0\32bit\bin\..\libexec\gcc\mingw32\5.3.0\collect2.exe
(19620)(   52) + HOME: C:\Users\choig\AppData\Local\Suresofttech\STATIC Toolbox\apps\STATIC Client for C, C++ v1.2.0\
(19620)(   52) + WORKING: C:\Users\choig\OneDrive\문서\hello\.staticdata
(19620) + IGNORE: msbuild xxxxx // INTEREST: cl gcc cc g++ ar link ld xxx xc8 cpp cpstm8 castm8 clnk tricore-gcc tricore-g++ ctoa etoa ecomppc elxr
(19620)(   52) + Ignored EXENAME: collect2
(26500)(   53)ME: c:\users\choig\appdata\roaming\codescroll\compiler\gcc\5.3.0\32bit\bin\..\lib\gcc\mingw32\5.3.0\..\..\..\..\mingw32\bin\ld.exe
(26500)(   53) + HOME: C:\Users\choig\AppData\Local\Suresofttech\STATIC Toolbox\apps\STATIC Client for C, C++ v1.2.0\
(26500)(   53) + WORKING: C:\Users\choig\OneDrive\문서\hello\.staticdata
(26500) + IGNORE: msbuild xxxxx // INTEREST: cl gcc cc g++ ar link ld xxx xc8 cpp cpstm8 castm8 clnk tricore-gcc tricore-g++ ctoa etoa ecomppc elxr
(26500)(   53)ME: c:\users\choig\appdata\roaming\codescroll\compiler\gcc\5.3.0\32bit\bin\..\lib\gcc\mingw32\5.3.0\..\..\..\..\mingw32\bin\ld.exe
(26500)(   53) + HOME: C:\Users\choig\AppData\Local\Suresofttech\STATIC Toolbox\apps\STATIC Client for C, C++ v1.2.0\
(26500)(   53) + WORKING: C:\Users\choig\OneDrive\문서\hello\.staticdata
(26500) + IGNORE: msbuild xxxxx // INTEREST: cl gcc cc g++ ar link ld xxx xc8 cpp cpstm8 castm8 clnk tricore-gcc tricore-g++ ctoa etoa ecomppc elxr
(19620)(   52)ME: c:\users\choig\appdata\roaming\codescroll\compiler\gcc\5.3.0\32bit\bin\..\libexec\gcc\mingw32\5.3.0\collect2.exe
(19620)(   52) + HOME: C:\Users\choig\AppData\Local\Suresofttech\STATIC Toolbox\apps\STATIC Client for C, C++ v1.2.0\
(19620)(   52) + WORKING: C:\Users\choig\OneDrive\문서\hello\.staticdata
(19620) + IGNORE: msbuild xxxxx // INTEREST: cl gcc cc g++ ar link ld xxx xc8 cpp cpstm8 castm8 clnk tricore-gcc tricore-g++ ctoa etoa ecomppc elxr
(12052)(   51)ME: C:\Users\choig\AppData\Roaming\CodeScroll\Compiler\gcc\5.3.0\32bit\bin\gcc.exe
(12052)(   51) + HOME: C:\Users\choig\AppData\Local\Suresofttech\STATIC Toolbox\apps\STATIC Client for C, C++ v1.2.0\
(12052)(   51) + WORKING: C:\Users\choig\OneDrive\문서\hello\.staticdata
(12052) + IGNORE: msbuild xxxxx // INTEREST: cl gcc cc g++ ar link ld xxx xc8 cpp cpstm8 castm8 clnk tricore-gcc tricore-g++ ctoa etoa ecomppc elxr
(12052)(   51)ME: C:\Users\choig\AppData\Roaming\CodeScroll\Compiler\gcc\5.3.0\32bit\bin\gcc.exe
(12052)(   51) + HOME: C:\Users\choig\AppData\Local\Suresofttech\STATIC Toolbox\apps\STATIC Client for C, C++ v1.2.0\
(12052)(   51) + WORKING: C:\Users\choig\OneDrive\문서\hello\.staticdata
(12052) + IGNORE: msbuild xxxxx // INTEREST: cl gcc cc g++ ar link ld xxx xc8 cpp cpstm8 castm8 clnk tricore-gcc tricore-g++ ctoa etoa ecomppc elxr
(19896)(    4)ME: C:\Users\choig\AppData\Roaming\CodeScroll\Compiler\gcc\5.3.0\32bit\bin\mingw32-make.exe
(19896)(    4) + HOME: C:\Users\choig\AppData\Local\Suresofttech\STATIC Toolbox\apps\STATIC Client for C, C++ v1.2.0\
(19896)(    4) + WORKING: C:\Users\choig\OneDrive\문서\hello\.staticdata
(19896) + IGNORE: msbuild xxxxx // INTEREST: cl gcc cc g++ ar link ld xxx xc8 cpp cpstm8 castm8 clnk tricore-gcc tricore-g++ ctoa etoa ecomppc elxr
(27516)(   54)ME: C:\Windows\system32\chcp.com
(27516)(   54) + HOME: C:\Users\choig\AppData\Local\Suresofttech\STATIC Toolbox\apps\STATIC Client for C, C++ v1.2.0\
(27516)(   54) + WORKING: C:\Users\choig\OneDrive\문서\hello\.staticdata
(27516) + IGNORE: msbuild xxxxx // INTEREST: cl gcc cc g++ ar link ld xxx xc8 cpp cpstm8 castm8 clnk tricore-gcc tricore-g++ ctoa etoa ecomppc elxr
(27516)(   54) + Ignored EXENAME: chcp
