==================================================================
2022/12/05_14:11:01:821
processName:conhost
PID:  29544
PPID: 29464
csID: 1
==================================================================
==================================================================
2022/12/05_14:11:01:865
processName:cmd
PID:  29464
PPID: 19116
csID: 2
==================================================================
==================================================================
2022/12/05_14:11:01:918
processName:chcp
PID:  29640
PPID: 29464
csID: 3
==================================================================
==================================================================
2022/12/05_14:11:02:44
processName:mingw32-make
PID:  19896
PPID: 29464
csID: 4
==================================================================
==================================================================
2022/12/05_14:11:02:166
processName:gcc
PID:  29628
PPID: 19896
csID: 5
==================================================================
==================================================================
2022/12/05_14:11:02:284
processName:cc1
PID:  28940
PPID: 29628
csID: 6
==================================================================
==================================================================
2022/12/05_14:11:02:524
processName:as
PID:  28996
PPID: 29628
csID: 7
==================================================================
==================================================================
2022/12/05_14:11:02:669
processName:gcc
PID:  29312
PPID: 19896
csID: 8
==================================================================
==================================================================
2022/12/05_14:11:02:783
processName:cc1
PID:  29188
PPID: 29312
csID: 9
==================================================================
==================================================================
2022/12/05_14:11:03:36
processName:as
PID:  29336
PPID: 29312
csID: 10
==================================================================
==================================================================
2022/12/05_14:11:03:241
processName:gcc
PID:  29488
PPID: 19896
csID: 11
==================================================================
==================================================================
2022/12/05_14:11:03:419
processName:cc1
PID:  29264
PPID: 29488
csID: 12
==================================================================
==================================================================
2022/12/05_14:11:03:625
processName:as
PID:  20312
PPID: 29488
csID: 13
==================================================================
==================================================================
2022/12/05_14:11:03:869
processName:gcc
PID:  26904
PPID: 19896
csID: 14
==================================================================
==================================================================
2022/12/05_14:11:04:71
processName:cc1
PID:  27312
PPID: 26904
csID: 15
==================================================================
==================================================================
2022/12/05_14:11:04:369
processName:as
PID:  29672
PPID: 26904
csID: 16
==================================================================
==================================================================
2022/12/05_14:11:04:580
processName:gcc
PID:  6056
PPID: 19896
csID: 17
==================================================================
==================================================================
2022/12/05_14:11:04:688
processName:cc1
PID:  19512
PPID: 6056
csID: 18
==================================================================
==================================================================
2022/12/05_14:11:05:253
processName:as
PID:  23028
PPID: 6056
csID: 19
==================================================================
==================================================================
2022/12/05_14:11:05:518
processName:gcc
PID:  29580
PPID: 19896
csID: 20
==================================================================
==================================================================
2022/12/05_14:11:05:625
processName:cc1
PID:  23604
PPID: 29580
csID: 21
==================================================================
==================================================================
2022/12/05_14:11:05:759
processName:as
PID:  29096
PPID: 29580
csID: 22
==================================================================
==================================================================
2022/12/05_14:11:05:882
processName:gcc
PID:  22112
PPID: 19896
csID: 23
==================================================================
==================================================================
2022/12/05_14:11:05:983
processName:cc1
PID:  28100
PPID: 22112
csID: 24
==================================================================
==================================================================
2022/12/05_14:11:06:465
processName:as
PID:  21844
PPID: 22112
csID: 25
==================================================================
==================================================================
2022/12/05_14:11:06:625
processName:gcc
PID:  11612
PPID: 19896
csID: 26
==================================================================
==================================================================
2022/12/05_14:11:06:745
processName:cc1
PID:  27148
PPID: 11612
csID: 27
==================================================================
==================================================================
2022/12/05_14:11:07:156
processName:as
PID:  24780
PPID: 11612
csID: 28
==================================================================
==================================================================
2022/12/05_14:11:07:312
processName:gcc
PID:  27716
PPID: 19896
csID: 29
==================================================================
==================================================================
2022/12/05_14:11:07:397
processName:cc1
PID:  27852
PPID: 27716
csID: 30
==================================================================
==================================================================
2022/12/05_14:11:07:529
processName:as
PID:  24556
PPID: 27716
csID: 31
==================================================================
==================================================================
2022/12/05_14:11:07:644
processName:gcc
PID:  23036
PPID: 19896
csID: 32
==================================================================
==================================================================
2022/12/05_14:11:07:732
processName:cc1
PID:  26828
PPID: 23036
csID: 33
==================================================================
==================================================================
2022/12/05_14:11:08:226
processName:as
PID:  20276
PPID: 23036
csID: 34
==================================================================
==================================================================
2022/12/05_14:11:08:377
processName:gcc
PID:  25080
PPID: 19896
csID: 35
==================================================================
==================================================================
2022/12/05_14:11:08:472
processName:cc1
PID:  10988
PPID: 25080
csID: 36
==================================================================
==================================================================
2022/12/05_14:11:08:759
processName:as
PID:  22008
PPID: 25080
csID: 37
==================================================================
==================================================================
2022/12/05_14:11:08:898
processName:gcc
PID:  13152
PPID: 19896
csID: 38
==================================================================
==================================================================
2022/12/05_14:11:08:999
processName:cc1
PID:  26940
PPID: 13152
csID: 39
==================================================================
==================================================================
2022/12/05_14:11:09:221
processName:as
PID:  21336
PPID: 13152
csID: 40
==================================================================
==================================================================
2022/12/05_14:11:09:395
processName:gcc
PID:  20336
PPID: 19896
csID: 41
==================================================================
==================================================================
2022/12/05_14:11:09:499
processName:cc1
PID:  20528
PPID: 20336
csID: 42
==================================================================
==================================================================
2022/12/05_14:11:09:733
processName:as
PID:  25332
PPID: 20336
csID: 43
==================================================================
==================================================================
2022/12/05_14:11:09:938
processName:ar
PID:  29172
PPID: 19896
csID: 44
==================================================================
==================================================================
2022/12/05_14:11:10:92
processName:gcc
PID:  17200
PPID: 19896
csID: 45
==================================================================
==================================================================
2022/12/05_14:11:10:189
processName:collect2
PID:  18520
PPID: 17200
csID: 46
==================================================================
==================================================================
2022/12/05_14:11:10:304
processName:ld
PID:  27152
PPID: 18520
csID: 47
==================================================================
==================================================================
2022/12/05_14:11:10:809
processName:gcc
PID:  24760
PPID: 19896
csID: 48
==================================================================
==================================================================
2022/12/05_14:11:10:910
processName:cc1
PID:  8236
PPID: 24760
csID: 49
==================================================================
==================================================================
2022/12/05_14:11:11:87
processName:as
PID:  28204
PPID: 24760
csID: 50
==================================================================
==================================================================
2022/12/05_14:11:11:211
processName:gcc
PID:  12052
PPID: 19896
csID: 51
==================================================================
==================================================================
2022/12/05_14:11:11:302
processName:collect2
PID:  19620
PPID: 12052
csID: 52
==================================================================
==================================================================
2022/12/05_14:11:11:397
processName:ld
PID:  26500
PPID: 19620
csID: 53
==================================================================
==================================================================
2022/12/05_14:11:11:751
processName:chcp
PID:  27516
PPID: 29464
csID: 54
==================================================================
