==================================================================
2022/12/05_14:07:03:753
processName:conhost
PID:  11020
PPID: 21496
csID: 1
==================================================================
==================================================================
2022/12/05_14:07:03:798
processName:cmd
PID:  21496
PPID: 12076
csID: 2
==================================================================
==================================================================
2022/12/05_14:07:03:853
processName:chcp
PID:  18384
PPID: 21496
csID: 3
==================================================================
==================================================================
2022/12/05_14:07:03:980
processName:mingw32-make
PID:  22368
PPID: 21496
csID: 4
==================================================================
==================================================================
2022/12/05_14:07:04:123
processName:gcc
PID:  28272
PPID: 22368
csID: 5
==================================================================
==================================================================
2022/12/05_14:07:04:243
processName:cc1
PID:  25692
PPID: 28272
csID: 6
==================================================================
==================================================================
2022/12/05_14:07:04:498
processName:as
PID:  22164
PPID: 28272
csID: 7
==================================================================
==================================================================
2022/12/05_14:07:04:654
processName:gcc
PID:  27620
PPID: 22368
csID: 8
==================================================================
==================================================================
2022/12/05_14:07:04:770
processName:cc1
PID:  18568
PPID: 27620
csID: 9
==================================================================
==================================================================
2022/12/05_14:07:04:942
processName:as
PID:  5884
PPID: 27620
csID: 10
==================================================================
==================================================================
2022/12/05_14:07:05:64
processName:gcc
PID:  26048
PPID: 22368
csID: 11
==================================================================
==================================================================
2022/12/05_14:07:05:150
processName:cc1
PID:  26404
PPID: 26048
csID: 12
==================================================================
==================================================================
2022/12/05_14:07:05:285
processName:as
PID:  19396
PPID: 26048
csID: 13
==================================================================
==================================================================
2022/12/05_14:07:05:411
processName:gcc
PID:  19056
PPID: 22368
csID: 14
==================================================================
==================================================================
2022/12/05_14:07:05:503
processName:cc1
PID:  24284
PPID: 19056
csID: 15
==================================================================
==================================================================
2022/12/05_14:07:05:698
processName:as
PID:  27804
PPID: 19056
csID: 16
==================================================================
==================================================================
2022/12/05_14:07:05:841
processName:gcc
PID:  11892
PPID: 22368
csID: 17
==================================================================
==================================================================
2022/12/05_14:07:05:934
processName:cc1
PID:  25952
PPID: 11892
csID: 18
==================================================================
==================================================================
2022/12/05_14:07:06:455
processName:as
PID:  18448
PPID: 11892
csID: 19
==================================================================
==================================================================
2022/12/05_14:07:06:604
processName:gcc
PID:  18788
PPID: 22368
csID: 20
==================================================================
==================================================================
2022/12/05_14:07:06:722
processName:cc1
PID:  25756
PPID: 18788
csID: 21
==================================================================
==================================================================
2022/12/05_14:07:06:915
processName:as
PID:  14728
PPID: 18788
csID: 22
==================================================================
==================================================================
2022/12/05_14:07:07:39
processName:gcc
PID:  26884
PPID: 22368
csID: 23
==================================================================
==================================================================
2022/12/05_14:07:07:131
processName:cc1
PID:  19164
PPID: 26884
csID: 24
==================================================================
==================================================================
2022/12/05_14:07:07:636
processName:as
PID:  27172
PPID: 26884
csID: 25
==================================================================
==================================================================
2022/12/05_14:07:07:790
processName:gcc
PID:  26660
PPID: 22368
csID: 26
==================================================================
==================================================================
2022/12/05_14:07:07:927
processName:cc1
PID:  17780
PPID: 26660
csID: 27
==================================================================
==================================================================
2022/12/05_14:07:08:363
processName:as
PID:  19168
PPID: 26660
csID: 28
==================================================================
==================================================================
2022/12/05_14:07:08:542
processName:gcc
PID:  12132
PPID: 22368
csID: 29
==================================================================
==================================================================
2022/12/05_14:07:08:649
processName:cc1
PID:  24228
PPID: 12132
csID: 30
==================================================================
==================================================================
2022/12/05_14:07:08:799
processName:as
PID:  27076
PPID: 12132
csID: 31
==================================================================
==================================================================
2022/12/05_14:07:08:951
processName:gcc
PID:  4384
PPID: 22368
csID: 32
==================================================================
==================================================================
2022/12/05_14:07:09:74
processName:cc1
PID:  21144
PPID: 4384
csID: 33
==================================================================
==================================================================
2022/12/05_14:07:09:561
processName:as
PID:  2664
PPID: 4384
csID: 34
==================================================================
==================================================================
2022/12/05_14:07:09:712
processName:gcc
PID:  17768
PPID: 22368
csID: 35
==================================================================
==================================================================
2022/12/05_14:07:09:810
processName:cc1
PID:  27628
PPID: 17768
csID: 36
==================================================================
==================================================================
2022/12/05_14:07:10:89
processName:as
PID:  26800
PPID: 17768
csID: 37
==================================================================
==================================================================
2022/12/05_14:07:10:210
processName:gcc
PID:  14432
PPID: 22368
csID: 38
==================================================================
==================================================================
2022/12/05_14:07:10:305
processName:cc1
PID:  12972
PPID: 14432
csID: 39
==================================================================
==================================================================
2022/12/05_14:07:10:495
processName:as
PID:  27804
PPID: 14432
csID: 40
==================================================================
==================================================================
2022/12/05_14:07:10:615
processName:gcc
PID:  16016
PPID: 22368
csID: 41
==================================================================
==================================================================
2022/12/05_14:07:10:718
processName:cc1
PID:  9456
PPID: 16016
csID: 42
==================================================================
==================================================================
2022/12/05_14:07:10:937
processName:as
PID:  27896
PPID: 16016
csID: 43
==================================================================
==================================================================
2022/12/05_14:07:11:62
processName:ar
PID:  6500
PPID: 22368
csID: 44
==================================================================
==================================================================
2022/12/05_14:07:11:245
processName:gcc
PID:  20796
PPID: 22368
csID: 45
==================================================================
==================================================================
2022/12/05_14:07:11:347
processName:collect2
PID:  27172
PPID: 20796
csID: 46
==================================================================
==================================================================
2022/12/05_14:07:11:503
processName:ld
PID:  23252
PPID: 27172
csID: 47
==================================================================
==================================================================
2022/12/05_14:07:11:952
processName:gcc
PID:  5884
PPID: 22368
csID: 48
==================================================================
==================================================================
2022/12/05_14:07:12:54
processName:cc1
PID:  24508
PPID: 5884
csID: 49
==================================================================
==================================================================
2022/12/05_14:07:12:237
processName:as
PID:  27120
PPID: 5884
csID: 50
==================================================================
==================================================================
2022/12/05_14:07:12:392
processName:gcc
PID:  22908
PPID: 22368
csID: 51
==================================================================
==================================================================
2022/12/05_14:07:12:498
processName:collect2
PID:  27172
PPID: 22908
csID: 52
==================================================================
==================================================================
2022/12/05_14:07:12:589
processName:ld
PID:  27120
PPID: 27172
csID: 53
==================================================================
==================================================================
2022/12/05_14:07:12:992
processName:chcp
PID:  24588
PPID: 21496
csID: 54
==================================================================
