==================================================================
2021/04/26_09:07:40:622
processName:mingw32-make
PID:  3404
PPID: 25396
csID: 1
==================================================================
==================================================================
2021/04/26_09:07:40:834
processName:gcc
PID:  26464
PPID: 3404
csID: 2
==================================================================
==================================================================
2021/04/26_09:07:40:965
processName:cc1
PID:  21072
PPID: 26464
csID: 3
==================================================================
==================================================================
2021/04/26_09:07:41:256
processName:as
PID:  22812
PPID: 26464
csID: 4
==================================================================
==================================================================
2021/04/26_09:07:41:451
processName:gcc
PID:  18828
PPID: 3404
csID: 5
==================================================================
==================================================================
2021/04/26_09:07:41:581
processName:cc1
PID:  25076
PPID: 18828
csID: 6
==================================================================
==================================================================
2021/04/26_09:07:41:788
processName:as
PID:  14540
PPID: 18828
csID: 7
==================================================================
==================================================================
2021/04/26_09:07:41:969
processName:gcc
PID:  25556
PPID: 3404
csID: 8
==================================================================
==================================================================
2021/04/26_09:07:42:114
processName:cc1
PID:  24808
PPID: 25556
csID: 9
==================================================================
==================================================================
2021/04/26_09:07:42:288
processName:as
PID:  20860
PPID: 25556
csID: 10
==================================================================
==================================================================
2021/04/26_09:07:42:470
processName:gcc
PID:  22580
PPID: 3404
csID: 11
==================================================================
==================================================================
2021/04/26_09:07:42:620
processName:cc1
PID:  10396
PPID: 22580
csID: 12
==================================================================
==================================================================
2021/04/26_09:07:42:880
processName:as
PID:  11100
PPID: 22580
csID: 13
==================================================================
==================================================================
2021/04/26_09:07:43:77
processName:gcc
PID:  23080
PPID: 3404
csID: 14
==================================================================
==================================================================
2021/04/26_09:07:43:229
processName:cc1
PID:  25920
PPID: 23080
csID: 15
==================================================================
==================================================================
2021/04/26_09:07:43:824
processName:as
PID:  16408
PPID: 23080
csID: 16
==================================================================
==================================================================
2021/04/26_09:07:44:33
processName:gcc
PID:  18992
PPID: 3404
csID: 17
==================================================================
==================================================================
2021/04/26_09:07:44:224
processName:cc1
PID:  26100
PPID: 18992
csID: 18
==================================================================
==================================================================
2021/04/26_09:07:44:403
processName:as
PID:  15512
PPID: 18992
csID: 19
==================================================================
==================================================================
2021/04/26_09:07:44:595
processName:gcc
PID:  24964
PPID: 3404
csID: 20
==================================================================
==================================================================
2021/04/26_09:07:44:736
processName:cc1
PID:  20692
PPID: 24964
csID: 21
==================================================================
==================================================================
2021/04/26_09:07:45:303
processName:as
PID:  26564
PPID: 24964
csID: 22
==================================================================
==================================================================
2021/04/26_09:07:45:512
processName:gcc
PID:  23780
PPID: 3404
csID: 23
==================================================================
==================================================================
2021/04/26_09:07:45:642
processName:cc1
PID:  23740
PPID: 23780
csID: 24
==================================================================
==================================================================
2021/04/26_09:07:46:125
processName:as
PID:  17176
PPID: 23780
csID: 25
==================================================================
==================================================================
2021/04/26_09:07:46:319
processName:gcc
PID:  4084
PPID: 3404
csID: 26
==================================================================
==================================================================
2021/04/26_09:07:46:480
processName:cc1
PID:  26428
PPID: 4084
csID: 27
==================================================================
==================================================================
2021/04/26_09:07:46:652
processName:as
PID:  2380
PPID: 4084
csID: 28
==================================================================
==================================================================
2021/04/26_09:07:46:859
processName:gcc
PID:  26468
PPID: 3404
csID: 29
==================================================================
==================================================================
2021/04/26_09:07:47:6
processName:cc1
PID:  4004
PPID: 26468
csID: 30
==================================================================
==================================================================
2021/04/26_09:07:47:663
processName:as
PID:  15388
PPID: 26468
csID: 31
==================================================================
==================================================================
2021/04/26_09:07:47:870
processName:gcc
PID:  26608
PPID: 3404
csID: 32
==================================================================
==================================================================
2021/04/26_09:07:48:2
processName:cc1
PID:  26544
PPID: 26608
csID: 33
==================================================================
==================================================================
2021/04/26_09:07:48:361
processName:as
PID:  25192
PPID: 26608
csID: 34
==================================================================
==================================================================
2021/04/26_09:07:48:581
processName:gcc
PID:  23048
PPID: 3404
csID: 35
==================================================================
==================================================================
2021/04/26_09:07:48:716
processName:cc1
PID:  25304
PPID: 23048
csID: 36
==================================================================
==================================================================
2021/04/26_09:07:48:998
processName:as
PID:  26540
PPID: 23048
csID: 37
==================================================================
==================================================================
2021/04/26_09:07:49:199
processName:gcc
PID:  22072
PPID: 3404
csID: 38
==================================================================
==================================================================
2021/04/26_09:07:49:328
processName:cc1
PID:  5068
PPID: 22072
csID: 39
==================================================================
==================================================================
2021/04/26_09:07:49:630
processName:as
PID:  18172
PPID: 22072
csID: 40
==================================================================
==================================================================
2021/04/26_09:07:49:795
processName:ar
PID:  5760
PPID: 3404
csID: 41
==================================================================
==================================================================
2021/04/26_09:07:50:45
processName:gcc
PID:  14524
PPID: 3404
csID: 42
==================================================================
==================================================================
2021/04/26_09:07:50:169
processName:collect2
PID:  23544
PPID: 14524
csID: 43
==================================================================
==================================================================
2021/04/26_09:07:50:280
processName:ld
PID:  23796
PPID: 23544
csID: 44
==================================================================
==================================================================
2021/04/26_09:07:50:892
processName:gcc
PID:  15672
PPID: 3404
csID: 45
==================================================================
==================================================================
2021/04/26_09:07:51:43
processName:cc1
PID:  7688
PPID: 15672
csID: 46
==================================================================
==================================================================
2021/04/26_09:07:51:278
processName:as
PID:  24232
PPID: 15672
csID: 47
==================================================================
==================================================================
2021/04/26_09:07:51:465
processName:gcc
PID:  24180
PPID: 3404
csID: 48
==================================================================
==================================================================
2021/04/26_09:07:51:586
processName:collect2
PID:  23600
PPID: 24180
csID: 49
==================================================================
==================================================================
2021/04/26_09:07:51:709
processName:ld
PID:  1912
PPID: 23600
csID: 50
==================================================================
